2020-07-14 11:04:49: Port 3000 is already in use
2020-07-14 11:04:49: Port 3000 is already in use
2020-07-14 11:04:50: Port 3000 is already in use
2020-07-14 11:04:50: Port 3000 is already in use
2020-07-14 11:04:51: Port 3000 is already in use
2020-07-14 11:04:51: Port 3000 is already in use
2020-07-14 11:04:52: Port 3000 is already in use
2020-07-14 11:04:52: Port 3000 is already in use
2020-07-14 11:04:53: Port 3000 is already in use
2020-07-14 11:04:53: Port 3000 is already in use
2020-07-14 11:04:54: Port 3000 is already in use
2020-07-14 11:04:55: Port 3000 is already in use
2020-07-14 11:04:55: Port 3000 is already in use
2020-07-14 11:04:56: Port 3000 is already in use
2020-07-14 11:04:56: Port 3000 is already in use
2020-07-14 11:04:57: Port 3000 is already in use
2020-07-14 11:04:57: Port 3000 is already in use
2020-07-14 11:04:58: Port 3000 is already in use
2020-07-14 11:04:58: Port 3000 is already in use
2020-07-14 11:04:59: Port 3000 is already in use
2020-07-14 11:04:59: Port 3000 is already in use
2020-07-14 11:05:00: Port 3000 is already in use
2020-07-14 11:05:01: Port 3000 is already in use
2020-07-14 11:05:01: Port 3000 is already in use
2020-07-14 11:05:02: Port 3000 is already in use
2020-07-14 11:05:02: Port 3000 is already in use
2020-07-14 11:05:03: Port 3000 is already in use
2020-07-14 11:05:03: Port 3000 is already in use
2020-07-14 11:05:04: Port 3000 is already in use
2020-07-14 11:05:05: Port 3000 is already in use
2020-07-14 11:05:05: Port 3000 is already in use
2020-07-14 11:05:06: Port 3000 is already in use
2020-07-14 11:05:07: Port 3000 is already in use
2020-07-14 11:05:07: Port 3000 is already in use
2020-07-14 11:05:08: Port 3000 is already in use
2020-07-14 11:05:09: Port 3000 is already in use
2020-07-14 11:05:09: Port 3000 is already in use
2020-07-14 11:05:10: Port 3000 is already in use
2020-07-14 11:05:10: Port 3000 is already in use
2020-07-14 11:05:11: Port 3000 is already in use
2020-07-14 11:05:11: Port 3000 is already in use
2020-07-14 11:05:12: Port 3000 is already in use
2020-07-14 11:05:12: Port 3000 is already in use
2020-07-14 11:05:13: Port 3000 is already in use
2020-07-14 11:05:13: Port 3000 is already in use
2020-07-14 11:05:14: Port 3000 is already in use
2020-07-14 11:05:15: Port 3000 is already in use
2020-07-14 11:05:15: Port 3000 is already in use
2020-07-14 11:05:16: Port 3000 is already in use
2020-07-14 11:05:16: Port 3000 is already in use
2020-07-14 11:05:17: Port 3000 is already in use
2020-07-14 11:05:17: Port 3000 is already in use
2020-07-14 11:05:17: Port 3000 is already in use
2020-07-14 11:05:18: Port 3000 is already in use
2020-07-14 11:05:18: Port 3000 is already in use
2020-07-14 11:05:19: Port 3000 is already in use
2020-07-14 11:05:20: Port 3000 is already in use
2020-07-14 11:05:21: Port 3000 is already in use
2020-07-14 11:05:21: Port 3000 is already in use
2020-07-14 11:05:22: Port 3000 is already in use
2020-07-14 11:05:22: Port 3000 is already in use
2020-07-14 11:05:23: Port 3000 is already in use
2020-07-14 11:05:23: Port 3000 is already in use
2020-07-14 11:05:24: Port 3000 is already in use
2020-07-14 11:05:24: Port 3000 is already in use
2020-07-14 11:05:25: Port 3000 is already in use
2020-07-14 11:05:25: Port 3000 is already in use
2020-07-14 11:05:26: Port 3000 is already in use
2020-07-14 11:05:27: Port 3000 is already in use
2020-07-14 11:05:27: Port 3000 is already in use
2020-07-14 11:05:28: Port 3000 is already in use
2020-07-14 11:05:28: Port 3000 is already in use
2020-07-14 11:05:29: Port 3000 is already in use
2020-07-14 11:05:29: Port 3000 is already in use
2020-07-14 11:05:30: Port 3000 is already in use
2020-07-14 11:05:31: Port 3000 is already in use
2020-07-14 11:05:31: Port 3000 is already in use
2020-07-14 11:05:32: Port 3000 is already in use
2020-07-14 11:05:33: Port 3000 is already in use
2020-07-14 11:05:34: Port 3000 is already in use
2020-07-14 11:05:34: Port 3000 is already in use
2020-07-14 11:05:35: Port 3000 is already in use
2020-07-14 11:05:35: Port 3000 is already in use
2020-07-14 11:05:35: Port 3000 is already in use
2020-07-14 11:05:36: Port 3000 is already in use
2020-07-14 11:05:36: Port 3000 is already in use
2020-07-14 11:05:37: ReferenceError: async is not defined
2020-07-14 11:05:37:     at Object.<anonymous> (/Users/tangyiping/Desktop/project/learn/nodejs-weibo/src/routes/view/users.js:46:8)
2020-07-14 11:05:37:     at Module._compile (internal/modules/cjs/loader.js:1138:30)
2020-07-14 11:05:37:     at Object.Module._extensions..js (internal/modules/cjs/loader.js:1158:10)
2020-07-14 11:05:37:     at Module.load (internal/modules/cjs/loader.js:986:32)
2020-07-14 11:05:37:     at Function.Module._load (internal/modules/cjs/loader.js:879:14)
2020-07-14 11:05:37:     at Module.require (internal/modules/cjs/loader.js:1026:19)
2020-07-14 11:05:37:     at Module.Hook._require.Module.require (/Users/tangyiping/.config/yarn/global/node_modules/require-in-the-middle/index.js:80:39)
2020-07-14 11:05:37:     at require (internal/modules/cjs/helpers.js:72:18)
2020-07-14 11:05:37:     at Object.<anonymous> (/Users/tangyiping/Desktop/project/learn/nodejs-weibo/app.js:15:25)
2020-07-14 11:05:37:     at Module._compile (internal/modules/cjs/loader.js:1138:30)
2020-07-14 11:05:37:     at Object.Module._extensions..js (internal/modules/cjs/loader.js:1158:10)
2020-07-14 11:05:37:     at Module.load (internal/modules/cjs/loader.js:986:32)
2020-07-14 11:05:37:     at Function.Module._load (internal/modules/cjs/loader.js:879:14)
2020-07-14 11:05:37:     at Module.require (internal/modules/cjs/loader.js:1026:19)
2020-07-14 11:05:37:     at Module.Hook._require.Module.require (/Users/tangyiping/.config/yarn/global/node_modules/require-in-the-middle/index.js:80:39)
2020-07-14 11:05:37:     at require (internal/modules/cjs/helpers.js:72:18)
2020-07-14 11:05:38: ReferenceError: async is not defined
2020-07-14 11:05:38:     at Object.<anonymous> (/Users/tangyiping/Desktop/project/learn/nodejs-weibo/src/routes/view/users.js:46:8)
2020-07-14 11:05:38:     at Module._compile (internal/modules/cjs/loader.js:1138:30)
2020-07-14 11:05:38:     at Object.Module._extensions..js (internal/modules/cjs/loader.js:1158:10)
2020-07-14 11:05:38:     at Module.load (internal/modules/cjs/loader.js:986:32)
2020-07-14 11:05:38:     at Function.Module._load (internal/modules/cjs/loader.js:879:14)
2020-07-14 11:05:38:     at Module.require (internal/modules/cjs/loader.js:1026:19)
2020-07-14 11:05:38:     at Module.Hook._require.Module.require (/Users/tangyiping/.config/yarn/global/node_modules/require-in-the-middle/index.js:80:39)
2020-07-14 11:05:38:     at require (internal/modules/cjs/helpers.js:72:18)
2020-07-14 11:05:38:     at Object.<anonymous> (/Users/tangyiping/Desktop/project/learn/nodejs-weibo/app.js:15:25)
2020-07-14 11:05:38:     at Module._compile (internal/modules/cjs/loader.js:1138:30)
2020-07-14 11:05:38:     at Object.Module._extensions..js (internal/modules/cjs/loader.js:1158:10)
2020-07-14 11:05:38:     at Module.load (internal/modules/cjs/loader.js:986:32)
2020-07-14 11:05:38:     at Function.Module._load (internal/modules/cjs/loader.js:879:14)
2020-07-14 11:05:38:     at Module.require (internal/modules/cjs/loader.js:1026:19)
2020-07-14 11:05:38:     at Module.Hook._require.Module.require (/Users/tangyiping/.config/yarn/global/node_modules/require-in-the-middle/index.js:80:39)
2020-07-14 11:05:38:     at require (internal/modules/cjs/helpers.js:72:18)
2020-07-14 11:05:38: ReferenceError: async is not defined
2020-07-14 11:05:38:     at Object.<anonymous> (/Users/tangyiping/Desktop/project/learn/nodejs-weibo/src/routes/view/users.js:46:8)
2020-07-14 11:05:38:     at Module._compile (internal/modules/cjs/loader.js:1138:30)
2020-07-14 11:05:38:     at Object.Module._extensions..js (internal/modules/cjs/loader.js:1158:10)
2020-07-14 11:05:38:     at Module.load (internal/modules/cjs/loader.js:986:32)
2020-07-14 11:05:38:     at Function.Module._load (internal/modules/cjs/loader.js:879:14)
2020-07-14 11:05:38:     at Module.require (internal/modules/cjs/loader.js:1026:19)
2020-07-14 11:05:38:     at Module.Hook._require.Module.require (/Users/tangyiping/.config/yarn/global/node_modules/require-in-the-middle/index.js:80:39)
2020-07-14 11:05:38:     at require (internal/modules/cjs/helpers.js:72:18)
2020-07-14 11:05:38:     at Object.<anonymous> (/Users/tangyiping/Desktop/project/learn/nodejs-weibo/app.js:15:25)
2020-07-14 11:05:38:     at Module._compile (internal/modules/cjs/loader.js:1138:30)
2020-07-14 11:05:38:     at Object.Module._extensions..js (internal/modules/cjs/loader.js:1158:10)
2020-07-14 11:05:38:     at Module.load (internal/modules/cjs/loader.js:986:32)
2020-07-14 11:05:38:     at Function.Module._load (internal/modules/cjs/loader.js:879:14)
2020-07-14 11:05:38:     at Module.require (internal/modules/cjs/loader.js:1026:19)
2020-07-14 11:05:38:     at Module.Hook._require.Module.require (/Users/tangyiping/.config/yarn/global/node_modules/require-in-the-middle/index.js:80:39)
2020-07-14 11:05:38:     at require (internal/modules/cjs/helpers.js:72:18)
2020-07-14 11:05:38: ReferenceError: async is not defined
2020-07-14 11:05:38:     at Object.<anonymous> (/Users/tangyiping/Desktop/project/learn/nodejs-weibo/src/routes/view/users.js:46:8)
2020-07-14 11:05:38:     at Module._compile (internal/modules/cjs/loader.js:1138:30)
2020-07-14 11:05:38:     at Object.Module._extensions..js (internal/modules/cjs/loader.js:1158:10)
2020-07-14 11:05:38:     at Module.load (internal/modules/cjs/loader.js:986:32)
2020-07-14 11:05:38:     at Function.Module._load (internal/modules/cjs/loader.js:879:14)
2020-07-14 11:05:38:     at Module.require (internal/modules/cjs/loader.js:1026:19)
2020-07-14 11:05:38:     at Module.Hook._require.Module.require (/Users/tangyiping/.config/yarn/global/node_modules/require-in-the-middle/index.js:80:39)
2020-07-14 11:05:38:     at require (internal/modules/cjs/helpers.js:72:18)
2020-07-14 11:05:38:     at Object.<anonymous> (/Users/tangyiping/Desktop/project/learn/nodejs-weibo/app.js:15:25)
2020-07-14 11:05:38:     at Module._compile (internal/modules/cjs/loader.js:1138:30)
2020-07-14 11:05:38:     at Object.Module._extensions..js (internal/modules/cjs/loader.js:1158:10)
2020-07-14 11:05:38:     at Module.load (internal/modules/cjs/loader.js:986:32)
2020-07-14 11:05:38:     at Function.Module._load (internal/modules/cjs/loader.js:879:14)
2020-07-14 11:05:38:     at Module.require (internal/modules/cjs/loader.js:1026:19)
2020-07-14 11:05:38:     at Module.Hook._require.Module.require (/Users/tangyiping/.config/yarn/global/node_modules/require-in-the-middle/index.js:80:39)
2020-07-14 11:05:38:     at require (internal/modules/cjs/helpers.js:72:18)
2020-07-14 11:05:39: ReferenceError: async is not defined
2020-07-14 11:05:39:     at Object.<anonymous> (/Users/tangyiping/Desktop/project/learn/nodejs-weibo/src/routes/view/users.js:46:8)
2020-07-14 11:05:39:     at Module._compile (internal/modules/cjs/loader.js:1138:30)
2020-07-14 11:05:39:     at Object.Module._extensions..js (internal/modules/cjs/loader.js:1158:10)
2020-07-14 11:05:39:     at Module.load (internal/modules/cjs/loader.js:986:32)
2020-07-14 11:05:39:     at Function.Module._load (internal/modules/cjs/loader.js:879:14)
2020-07-14 11:05:39:     at Module.require (internal/modules/cjs/loader.js:1026:19)
2020-07-14 11:05:39:     at Module.Hook._require.Module.require (/Users/tangyiping/.config/yarn/global/node_modules/require-in-the-middle/index.js:80:39)
2020-07-14 11:05:39:     at require (internal/modules/cjs/helpers.js:72:18)
2020-07-14 11:05:39:     at Object.<anonymous> (/Users/tangyiping/Desktop/project/learn/nodejs-weibo/app.js:15:25)
2020-07-14 11:05:39:     at Module._compile (internal/modules/cjs/loader.js:1138:30)
2020-07-14 11:05:39:     at Object.Module._extensions..js (internal/modules/cjs/loader.js:1158:10)
2020-07-14 11:05:39:     at Module.load (internal/modules/cjs/loader.js:986:32)
2020-07-14 11:05:39:     at Function.Module._load (internal/modules/cjs/loader.js:879:14)
2020-07-14 11:05:39:     at Module.require (internal/modules/cjs/loader.js:1026:19)
2020-07-14 11:05:39:     at Module.Hook._require.Module.require (/Users/tangyiping/.config/yarn/global/node_modules/require-in-the-middle/index.js:80:39)
2020-07-14 11:05:39:     at require (internal/modules/cjs/helpers.js:72:18)
2020-07-14 11:05:39: ReferenceError: async is not defined
2020-07-14 11:05:39:     at Object.<anonymous> (/Users/tangyiping/Desktop/project/learn/nodejs-weibo/src/routes/view/users.js:46:8)
2020-07-14 11:05:39:     at Module._compile (internal/modules/cjs/loader.js:1138:30)
2020-07-14 11:05:39:     at Object.Module._extensions..js (internal/modules/cjs/loader.js:1158:10)
2020-07-14 11:05:39:     at Module.load (internal/modules/cjs/loader.js:986:32)
2020-07-14 11:05:39:     at Function.Module._load (internal/modules/cjs/loader.js:879:14)
2020-07-14 11:05:39:     at Module.require (internal/modules/cjs/loader.js:1026:19)
2020-07-14 11:05:39:     at Module.Hook._require.Module.require (/Users/tangyiping/.config/yarn/global/node_modules/require-in-the-middle/index.js:80:39)
2020-07-14 11:05:39:     at require (internal/modules/cjs/helpers.js:72:18)
2020-07-14 11:05:39:     at Object.<anonymous> (/Users/tangyiping/Desktop/project/learn/nodejs-weibo/app.js:15:25)
2020-07-14 11:05:39:     at Module._compile (internal/modules/cjs/loader.js:1138:30)
2020-07-14 11:05:39:     at Object.Module._extensions..js (internal/modules/cjs/loader.js:1158:10)
2020-07-14 11:05:39:     at Module.load (internal/modules/cjs/loader.js:986:32)
2020-07-14 11:05:39:     at Function.Module._load (internal/modules/cjs/loader.js:879:14)
2020-07-14 11:05:39:     at Module.require (internal/modules/cjs/loader.js:1026:19)
2020-07-14 11:05:39:     at Module.Hook._require.Module.require (/Users/tangyiping/.config/yarn/global/node_modules/require-in-the-middle/index.js:80:39)
2020-07-14 11:05:39:     at require (internal/modules/cjs/helpers.js:72:18)
2020-07-14 11:05:39: ReferenceError: async is not defined
2020-07-14 11:05:39:     at Object.<anonymous> (/Users/tangyiping/Desktop/project/learn/nodejs-weibo/src/routes/view/users.js:46:8)
2020-07-14 11:05:39:     at Module._compile (internal/modules/cjs/loader.js:1138:30)
2020-07-14 11:05:39:     at Object.Module._extensions..js (internal/modules/cjs/loader.js:1158:10)
2020-07-14 11:05:39:     at Module.load (internal/modules/cjs/loader.js:986:32)
2020-07-14 11:05:39:     at Function.Module._load (internal/modules/cjs/loader.js:879:14)
2020-07-14 11:05:39:     at Module.require (internal/modules/cjs/loader.js:1026:19)
2020-07-14 11:05:39:     at Module.Hook._require.Module.require (/Users/tangyiping/.config/yarn/global/node_modules/require-in-the-middle/index.js:80:39)
2020-07-14 11:05:39:     at require (internal/modules/cjs/helpers.js:72:18)
2020-07-14 11:05:39:     at Object.<anonymous> (/Users/tangyiping/Desktop/project/learn/nodejs-weibo/app.js:15:25)
2020-07-14 11:05:39:     at Module._compile (internal/modules/cjs/loader.js:1138:30)
2020-07-14 11:05:39:     at Object.Module._extensions..js (internal/modules/cjs/loader.js:1158:10)
2020-07-14 11:05:39:     at Module.load (internal/modules/cjs/loader.js:986:32)
2020-07-14 11:05:39:     at Function.Module._load (internal/modules/cjs/loader.js:879:14)
2020-07-14 11:05:39:     at Module.require (internal/modules/cjs/loader.js:1026:19)
2020-07-14 11:05:39:     at Module.Hook._require.Module.require (/Users/tangyiping/.config/yarn/global/node_modules/require-in-the-middle/index.js:80:39)
2020-07-14 11:05:39:     at require (internal/modules/cjs/helpers.js:72:18)
2020-07-14 11:05:39: ReferenceError: async is not defined
2020-07-14 11:05:39:     at Object.<anonymous> (/Users/tangyiping/Desktop/project/learn/nodejs-weibo/src/routes/view/users.js:46:8)
2020-07-14 11:05:39:     at Module._compile (internal/modules/cjs/loader.js:1138:30)
2020-07-14 11:05:39:     at Object.Module._extensions..js (internal/modules/cjs/loader.js:1158:10)
2020-07-14 11:05:39:     at Module.load (internal/modules/cjs/loader.js:986:32)
2020-07-14 11:05:39:     at Function.Module._load (internal/modules/cjs/loader.js:879:14)
2020-07-14 11:05:39:     at Module.require (internal/modules/cjs/loader.js:1026:19)
2020-07-14 11:05:39:     at Module.Hook._require.Module.require (/Users/tangyiping/.config/yarn/global/node_modules/require-in-the-middle/index.js:80:39)
2020-07-14 11:05:39:     at require (internal/modules/cjs/helpers.js:72:18)
2020-07-14 11:05:39:     at Object.<anonymous> (/Users/tangyiping/Desktop/project/learn/nodejs-weibo/app.js:15:25)
2020-07-14 11:05:39:     at Module._compile (internal/modules/cjs/loader.js:1138:30)
2020-07-14 11:05:39:     at Object.Module._extensions..js (internal/modules/cjs/loader.js:1158:10)
2020-07-14 11:05:39:     at Module.load (internal/modules/cjs/loader.js:986:32)
2020-07-14 11:05:39:     at Function.Module._load (internal/modules/cjs/loader.js:879:14)
2020-07-14 11:05:39:     at Module.require (internal/modules/cjs/loader.js:1026:19)
2020-07-14 11:05:39:     at Module.Hook._require.Module.require (/Users/tangyiping/.config/yarn/global/node_modules/require-in-the-middle/index.js:80:39)
2020-07-14 11:05:39:     at require (internal/modules/cjs/helpers.js:72:18)
2020-07-14 11:05:40: ReferenceError: async is not defined
2020-07-14 11:05:40:     at Object.<anonymous> (/Users/tangyiping/Desktop/project/learn/nodejs-weibo/src/routes/view/users.js:46:8)
2020-07-14 11:05:40:     at Module._compile (internal/modules/cjs/loader.js:1138:30)
2020-07-14 11:05:40:     at Object.Module._extensions..js (internal/modules/cjs/loader.js:1158:10)
2020-07-14 11:05:40:     at Module.load (internal/modules/cjs/loader.js:986:32)
2020-07-14 11:05:40:     at Function.Module._load (internal/modules/cjs/loader.js:879:14)
2020-07-14 11:05:40:     at Module.require (internal/modules/cjs/loader.js:1026:19)
2020-07-14 11:05:40:     at Module.Hook._require.Module.require (/Users/tangyiping/.config/yarn/global/node_modules/require-in-the-middle/index.js:80:39)
2020-07-14 11:05:40:     at require (internal/modules/cjs/helpers.js:72:18)
2020-07-14 11:05:40:     at Object.<anonymous> (/Users/tangyiping/Desktop/project/learn/nodejs-weibo/app.js:15:25)
2020-07-14 11:05:40:     at Module._compile (internal/modules/cjs/loader.js:1138:30)
2020-07-14 11:05:40:     at Object.Module._extensions..js (internal/modules/cjs/loader.js:1158:10)
2020-07-14 11:05:40:     at Module.load (internal/modules/cjs/loader.js:986:32)
2020-07-14 11:05:40:     at Function.Module._load (internal/modules/cjs/loader.js:879:14)
2020-07-14 11:05:40:     at Module.require (internal/modules/cjs/loader.js:1026:19)
2020-07-14 11:05:40:     at Module.Hook._require.Module.require (/Users/tangyiping/.config/yarn/global/node_modules/require-in-the-middle/index.js:80:39)
2020-07-14 11:05:40:     at require (internal/modules/cjs/helpers.js:72:18)
2020-07-14 11:05:40: ReferenceError: async is not defined
2020-07-14 11:05:40:     at Object.<anonymous> (/Users/tangyiping/Desktop/project/learn/nodejs-weibo/src/routes/view/users.js:46:8)
2020-07-14 11:05:40:     at Module._compile (internal/modules/cjs/loader.js:1138:30)
2020-07-14 11:05:40:     at Object.Module._extensions..js (internal/modules/cjs/loader.js:1158:10)
2020-07-14 11:05:40:     at Module.load (internal/modules/cjs/loader.js:986:32)
2020-07-14 11:05:40:     at Function.Module._load (internal/modules/cjs/loader.js:879:14)
2020-07-14 11:05:40:     at Module.require (internal/modules/cjs/loader.js:1026:19)
2020-07-14 11:05:40:     at Module.Hook._require.Module.require (/Users/tangyiping/.config/yarn/global/node_modules/require-in-the-middle/index.js:80:39)
2020-07-14 11:05:40:     at require (internal/modules/cjs/helpers.js:72:18)
2020-07-14 11:05:40:     at Object.<anonymous> (/Users/tangyiping/Desktop/project/learn/nodejs-weibo/app.js:15:25)
2020-07-14 11:05:40:     at Module._compile (internal/modules/cjs/loader.js:1138:30)
2020-07-14 11:05:40:     at Object.Module._extensions..js (internal/modules/cjs/loader.js:1158:10)
2020-07-14 11:05:40:     at Module.load (internal/modules/cjs/loader.js:986:32)
2020-07-14 11:05:40:     at Function.Module._load (internal/modules/cjs/loader.js:879:14)
2020-07-14 11:05:40:     at Module.require (internal/modules/cjs/loader.js:1026:19)
2020-07-14 11:05:40:     at Module.Hook._require.Module.require (/Users/tangyiping/.config/yarn/global/node_modules/require-in-the-middle/index.js:80:39)
2020-07-14 11:05:40:     at require (internal/modules/cjs/helpers.js:72:18)
2020-07-14 11:05:40: ReferenceError: async is not defined
2020-07-14 11:05:40:     at Object.<anonymous> (/Users/tangyiping/Desktop/project/learn/nodejs-weibo/src/routes/view/users.js:46:8)
2020-07-14 11:05:40:     at Module._compile (internal/modules/cjs/loader.js:1138:30)
2020-07-14 11:05:40:     at Object.Module._extensions..js (internal/modules/cjs/loader.js:1158:10)
2020-07-14 11:05:40:     at Module.load (internal/modules/cjs/loader.js:986:32)
2020-07-14 11:05:40:     at Function.Module._load (internal/modules/cjs/loader.js:879:14)
2020-07-14 11:05:40:     at Module.require (internal/modules/cjs/loader.js:1026:19)
2020-07-14 11:05:40:     at Module.Hook._require.Module.require (/Users/tangyiping/.config/yarn/global/node_modules/require-in-the-middle/index.js:80:39)
2020-07-14 11:05:40:     at require (internal/modules/cjs/helpers.js:72:18)
2020-07-14 11:05:40:     at Object.<anonymous> (/Users/tangyiping/Desktop/project/learn/nodejs-weibo/app.js:15:25)
2020-07-14 11:05:40:     at Module._compile (internal/modules/cjs/loader.js:1138:30)
2020-07-14 11:05:40:     at Object.Module._extensions..js (internal/modules/cjs/loader.js:1158:10)
2020-07-14 11:05:40:     at Module.load (internal/modules/cjs/loader.js:986:32)
2020-07-14 11:05:40:     at Function.Module._load (internal/modules/cjs/loader.js:879:14)
2020-07-14 11:05:40:     at Module.require (internal/modules/cjs/loader.js:1026:19)
2020-07-14 11:05:40:     at Module.Hook._require.Module.require (/Users/tangyiping/.config/yarn/global/node_modules/require-in-the-middle/index.js:80:39)
2020-07-14 11:05:40:     at require (internal/modules/cjs/helpers.js:72:18)
2020-07-14 11:05:41: ReferenceError: async is not defined
2020-07-14 11:05:41:     at Object.<anonymous> (/Users/tangyiping/Desktop/project/learn/nodejs-weibo/src/routes/view/users.js:46:8)
2020-07-14 11:05:41:     at Module._compile (internal/modules/cjs/loader.js:1138:30)
2020-07-14 11:05:41:     at Object.Module._extensions..js (internal/modules/cjs/loader.js:1158:10)
2020-07-14 11:05:41:     at Module.load (internal/modules/cjs/loader.js:986:32)
2020-07-14 11:05:41:     at Function.Module._load (internal/modules/cjs/loader.js:879:14)
2020-07-14 11:05:41:     at Module.require (internal/modules/cjs/loader.js:1026:19)
2020-07-14 11:05:41:     at Module.Hook._require.Module.require (/Users/tangyiping/.config/yarn/global/node_modules/require-in-the-middle/index.js:80:39)
2020-07-14 11:05:41:     at require (internal/modules/cjs/helpers.js:72:18)
2020-07-14 11:05:41:     at Object.<anonymous> (/Users/tangyiping/Desktop/project/learn/nodejs-weibo/app.js:15:25)
2020-07-14 11:05:41:     at Module._compile (internal/modules/cjs/loader.js:1138:30)
2020-07-14 11:05:41:     at Object.Module._extensions..js (internal/modules/cjs/loader.js:1158:10)
2020-07-14 11:05:41:     at Module.load (internal/modules/cjs/loader.js:986:32)
2020-07-14 11:05:41:     at Function.Module._load (internal/modules/cjs/loader.js:879:14)
2020-07-14 11:05:41:     at Module.require (internal/modules/cjs/loader.js:1026:19)
2020-07-14 11:05:41:     at Module.Hook._require.Module.require (/Users/tangyiping/.config/yarn/global/node_modules/require-in-the-middle/index.js:80:39)
2020-07-14 11:05:41:     at require (internal/modules/cjs/helpers.js:72:18)
2020-07-14 11:05:41: ReferenceError: async is not defined
2020-07-14 11:05:41:     at Object.<anonymous> (/Users/tangyiping/Desktop/project/learn/nodejs-weibo/src/routes/view/users.js:46:8)
2020-07-14 11:05:41:     at Module._compile (internal/modules/cjs/loader.js:1138:30)
2020-07-14 11:05:41:     at Object.Module._extensions..js (internal/modules/cjs/loader.js:1158:10)
2020-07-14 11:05:41:     at Module.load (internal/modules/cjs/loader.js:986:32)
2020-07-14 11:05:41:     at Function.Module._load (internal/modules/cjs/loader.js:879:14)
2020-07-14 11:05:41:     at Module.require (internal/modules/cjs/loader.js:1026:19)
2020-07-14 11:05:41:     at Module.Hook._require.Module.require (/Users/tangyiping/.config/yarn/global/node_modules/require-in-the-middle/index.js:80:39)
2020-07-14 11:05:41:     at require (internal/modules/cjs/helpers.js:72:18)
2020-07-14 11:05:41:     at Object.<anonymous> (/Users/tangyiping/Desktop/project/learn/nodejs-weibo/app.js:15:25)
2020-07-14 11:05:41:     at Module._compile (internal/modules/cjs/loader.js:1138:30)
2020-07-14 11:05:41:     at Object.Module._extensions..js (internal/modules/cjs/loader.js:1158:10)
2020-07-14 11:05:41:     at Module.load (internal/modules/cjs/loader.js:986:32)
2020-07-14 11:05:41:     at Function.Module._load (internal/modules/cjs/loader.js:879:14)
2020-07-14 11:05:41:     at Module.require (internal/modules/cjs/loader.js:1026:19)
2020-07-14 11:05:41:     at Module.Hook._require.Module.require (/Users/tangyiping/.config/yarn/global/node_modules/require-in-the-middle/index.js:80:39)
2020-07-14 11:05:41:     at require (internal/modules/cjs/helpers.js:72:18)
2020-07-14 11:05:41: ReferenceError: async is not defined
2020-07-14 11:05:41:     at Object.<anonymous> (/Users/tangyiping/Desktop/project/learn/nodejs-weibo/src/routes/view/users.js:46:8)
2020-07-14 11:05:41:     at Module._compile (internal/modules/cjs/loader.js:1138:30)
2020-07-14 11:05:41:     at Object.Module._extensions..js (internal/modules/cjs/loader.js:1158:10)
2020-07-14 11:05:41:     at Module.load (internal/modules/cjs/loader.js:986:32)
2020-07-14 11:05:41:     at Function.Module._load (internal/modules/cjs/loader.js:879:14)
2020-07-14 11:05:41:     at Module.require (internal/modules/cjs/loader.js:1026:19)
2020-07-14 11:05:41:     at Module.Hook._require.Module.require (/Users/tangyiping/.config/yarn/global/node_modules/require-in-the-middle/index.js:80:39)
2020-07-14 11:05:41:     at require (internal/modules/cjs/helpers.js:72:18)
2020-07-14 11:05:41:     at Object.<anonymous> (/Users/tangyiping/Desktop/project/learn/nodejs-weibo/app.js:15:25)
2020-07-14 11:05:41:     at Module._compile (internal/modules/cjs/loader.js:1138:30)
2020-07-14 11:05:41:     at Object.Module._extensions..js (internal/modules/cjs/loader.js:1158:10)
2020-07-14 11:05:41:     at Module.load (internal/modules/cjs/loader.js:986:32)
2020-07-14 11:05:41:     at Function.Module._load (internal/modules/cjs/loader.js:879:14)
2020-07-14 11:05:41:     at Module.require (internal/modules/cjs/loader.js:1026:19)
2020-07-14 11:05:41:     at Module.Hook._require.Module.require (/Users/tangyiping/.config/yarn/global/node_modules/require-in-the-middle/index.js:80:39)
2020-07-14 11:05:41:     at require (internal/modules/cjs/helpers.js:72:18)
2020-07-14 11:05:42: ReferenceError: async is not defined
2020-07-14 11:05:42:     at Object.<anonymous> (/Users/tangyiping/Desktop/project/learn/nodejs-weibo/src/routes/view/users.js:46:8)
2020-07-14 11:05:42:     at Module._compile (internal/modules/cjs/loader.js:1138:30)
2020-07-14 11:05:42:     at Object.Module._extensions..js (internal/modules/cjs/loader.js:1158:10)
2020-07-14 11:05:42:     at Module.load (internal/modules/cjs/loader.js:986:32)
2020-07-14 11:05:42:     at Function.Module._load (internal/modules/cjs/loader.js:879:14)
2020-07-14 11:05:42:     at Module.require (internal/modules/cjs/loader.js:1026:19)
2020-07-14 11:05:42:     at Module.Hook._require.Module.require (/Users/tangyiping/.config/yarn/global/node_modules/require-in-the-middle/index.js:80:39)
2020-07-14 11:05:42:     at require (internal/modules/cjs/helpers.js:72:18)
2020-07-14 11:05:42:     at Object.<anonymous> (/Users/tangyiping/Desktop/project/learn/nodejs-weibo/app.js:15:25)
2020-07-14 11:05:42:     at Module._compile (internal/modules/cjs/loader.js:1138:30)
2020-07-14 11:05:42:     at Object.Module._extensions..js (internal/modules/cjs/loader.js:1158:10)
2020-07-14 11:05:42:     at Module.load (internal/modules/cjs/loader.js:986:32)
2020-07-14 11:05:42:     at Function.Module._load (internal/modules/cjs/loader.js:879:14)
2020-07-14 11:05:42:     at Module.require (internal/modules/cjs/loader.js:1026:19)
2020-07-14 11:05:42:     at Module.Hook._require.Module.require (/Users/tangyiping/.config/yarn/global/node_modules/require-in-the-middle/index.js:80:39)
2020-07-14 11:05:42:     at require (internal/modules/cjs/helpers.js:72:18)
2020-07-14 11:05:42: ReferenceError: async is not defined
2020-07-14 11:05:42:     at Object.<anonymous> (/Users/tangyiping/Desktop/project/learn/nodejs-weibo/src/routes/view/users.js:46:8)
2020-07-14 11:05:42:     at Module._compile (internal/modules/cjs/loader.js:1138:30)
2020-07-14 11:05:42:     at Object.Module._extensions..js (internal/modules/cjs/loader.js:1158:10)
2020-07-14 11:05:42:     at Module.load (internal/modules/cjs/loader.js:986:32)
2020-07-14 11:05:42:     at Function.Module._load (internal/modules/cjs/loader.js:879:14)
2020-07-14 11:05:42:     at Module.require (internal/modules/cjs/loader.js:1026:19)
2020-07-14 11:05:42:     at Module.Hook._require.Module.require (/Users/tangyiping/.config/yarn/global/node_modules/require-in-the-middle/index.js:80:39)
2020-07-14 11:05:42:     at require (internal/modules/cjs/helpers.js:72:18)
2020-07-14 11:05:42:     at Object.<anonymous> (/Users/tangyiping/Desktop/project/learn/nodejs-weibo/app.js:15:25)
2020-07-14 11:05:42:     at Module._compile (internal/modules/cjs/loader.js:1138:30)
2020-07-14 11:05:42:     at Object.Module._extensions..js (internal/modules/cjs/loader.js:1158:10)
2020-07-14 11:05:42:     at Module.load (internal/modules/cjs/loader.js:986:32)
2020-07-14 11:05:42:     at Function.Module._load (internal/modules/cjs/loader.js:879:14)
2020-07-14 11:05:42:     at Module.require (internal/modules/cjs/loader.js:1026:19)
2020-07-14 11:05:42:     at Module.Hook._require.Module.require (/Users/tangyiping/.config/yarn/global/node_modules/require-in-the-middle/index.js:80:39)
2020-07-14 11:05:42:     at require (internal/modules/cjs/helpers.js:72:18)
2020-07-14 11:05:42: ReferenceError: async is not defined
2020-07-14 11:05:42:     at Object.<anonymous> (/Users/tangyiping/Desktop/project/learn/nodejs-weibo/src/routes/view/users.js:46:8)
2020-07-14 11:05:42:     at Module._compile (internal/modules/cjs/loader.js:1138:30)
2020-07-14 11:05:42:     at Object.Module._extensions..js (internal/modules/cjs/loader.js:1158:10)
2020-07-14 11:05:42:     at Module.load (internal/modules/cjs/loader.js:986:32)
2020-07-14 11:05:42:     at Function.Module._load (internal/modules/cjs/loader.js:879:14)
2020-07-14 11:05:42:     at Module.require (internal/modules/cjs/loader.js:1026:19)
2020-07-14 11:05:42:     at Module.Hook._require.Module.require (/Users/tangyiping/.config/yarn/global/node_modules/require-in-the-middle/index.js:80:39)
2020-07-14 11:05:42:     at require (internal/modules/cjs/helpers.js:72:18)
2020-07-14 11:05:42:     at Object.<anonymous> (/Users/tangyiping/Desktop/project/learn/nodejs-weibo/app.js:15:25)
2020-07-14 11:05:42:     at Module._compile (internal/modules/cjs/loader.js:1138:30)
2020-07-14 11:05:42:     at Object.Module._extensions..js (internal/modules/cjs/loader.js:1158:10)
2020-07-14 11:05:42:     at Module.load (internal/modules/cjs/loader.js:986:32)
2020-07-14 11:05:42:     at Function.Module._load (internal/modules/cjs/loader.js:879:14)
2020-07-14 11:05:42:     at Module.require (internal/modules/cjs/loader.js:1026:19)
2020-07-14 11:05:42:     at Module.Hook._require.Module.require (/Users/tangyiping/.config/yarn/global/node_modules/require-in-the-middle/index.js:80:39)
2020-07-14 11:05:42:     at require (internal/modules/cjs/helpers.js:72:18)
2020-07-14 11:05:42: ReferenceError: async is not defined
2020-07-14 11:05:42:     at Object.<anonymous> (/Users/tangyiping/Desktop/project/learn/nodejs-weibo/src/routes/view/users.js:46:8)
2020-07-14 11:05:42:     at Module._compile (internal/modules/cjs/loader.js:1138:30)
2020-07-14 11:05:42:     at Object.Module._extensions..js (internal/modules/cjs/loader.js:1158:10)
2020-07-14 11:05:42:     at Module.load (internal/modules/cjs/loader.js:986:32)
2020-07-14 11:05:42:     at Function.Module._load (internal/modules/cjs/loader.js:879:14)
2020-07-14 11:05:42:     at Module.require (internal/modules/cjs/loader.js:1026:19)
2020-07-14 11:05:42:     at Module.Hook._require.Module.require (/Users/tangyiping/.config/yarn/global/node_modules/require-in-the-middle/index.js:80:39)
2020-07-14 11:05:42:     at require (internal/modules/cjs/helpers.js:72:18)
2020-07-14 11:05:42:     at Object.<anonymous> (/Users/tangyiping/Desktop/project/learn/nodejs-weibo/app.js:15:25)
2020-07-14 11:05:42:     at Module._compile (internal/modules/cjs/loader.js:1138:30)
2020-07-14 11:05:42:     at Object.Module._extensions..js (internal/modules/cjs/loader.js:1158:10)
2020-07-14 11:05:42:     at Module.load (internal/modules/cjs/loader.js:986:32)
2020-07-14 11:05:42:     at Function.Module._load (internal/modules/cjs/loader.js:879:14)
2020-07-14 11:05:42:     at Module.require (internal/modules/cjs/loader.js:1026:19)
2020-07-14 11:05:42:     at Module.Hook._require.Module.require (/Users/tangyiping/.config/yarn/global/node_modules/require-in-the-middle/index.js:80:39)
2020-07-14 11:05:42:     at require (internal/modules/cjs/helpers.js:72:18)
2020-07-14 11:05:43: ReferenceError: async is not defined
2020-07-14 11:05:43:     at Object.<anonymous> (/Users/tangyiping/Desktop/project/learn/nodejs-weibo/src/routes/view/users.js:46:8)
2020-07-14 11:05:43:     at Module._compile (internal/modules/cjs/loader.js:1138:30)
2020-07-14 11:05:43:     at Object.Module._extensions..js (internal/modules/cjs/loader.js:1158:10)
2020-07-14 11:05:43:     at Module.load (internal/modules/cjs/loader.js:986:32)
2020-07-14 11:05:43:     at Function.Module._load (internal/modules/cjs/loader.js:879:14)
2020-07-14 11:05:43:     at Module.require (internal/modules/cjs/loader.js:1026:19)
2020-07-14 11:05:43:     at Module.Hook._require.Module.require (/Users/tangyiping/.config/yarn/global/node_modules/require-in-the-middle/index.js:80:39)
2020-07-14 11:05:43:     at require (internal/modules/cjs/helpers.js:72:18)
2020-07-14 11:05:43:     at Object.<anonymous> (/Users/tangyiping/Desktop/project/learn/nodejs-weibo/app.js:15:25)
2020-07-14 11:05:43:     at Module._compile (internal/modules/cjs/loader.js:1138:30)
2020-07-14 11:05:43:     at Object.Module._extensions..js (internal/modules/cjs/loader.js:1158:10)
2020-07-14 11:05:43:     at Module.load (internal/modules/cjs/loader.js:986:32)
2020-07-14 11:05:43:     at Function.Module._load (internal/modules/cjs/loader.js:879:14)
2020-07-14 11:05:43:     at Module.require (internal/modules/cjs/loader.js:1026:19)
2020-07-14 11:05:43:     at Module.Hook._require.Module.require (/Users/tangyiping/.config/yarn/global/node_modules/require-in-the-middle/index.js:80:39)
2020-07-14 11:05:43:     at require (internal/modules/cjs/helpers.js:72:18)
2020-07-14 11:05:43: ReferenceError: async is not defined
2020-07-14 11:05:43:     at Object.<anonymous> (/Users/tangyiping/Desktop/project/learn/nodejs-weibo/src/routes/view/users.js:46:8)
2020-07-14 11:05:43:     at Module._compile (internal/modules/cjs/loader.js:1138:30)
2020-07-14 11:05:43:     at Object.Module._extensions..js (internal/modules/cjs/loader.js:1158:10)
2020-07-14 11:05:43:     at Module.load (internal/modules/cjs/loader.js:986:32)
2020-07-14 11:05:43:     at Function.Module._load (internal/modules/cjs/loader.js:879:14)
2020-07-14 11:05:43:     at Module.require (internal/modules/cjs/loader.js:1026:19)
2020-07-14 11:05:43:     at Module.Hook._require.Module.require (/Users/tangyiping/.config/yarn/global/node_modules/require-in-the-middle/index.js:80:39)
2020-07-14 11:05:43:     at require (internal/modules/cjs/helpers.js:72:18)
2020-07-14 11:05:43:     at Object.<anonymous> (/Users/tangyiping/Desktop/project/learn/nodejs-weibo/app.js:15:25)
2020-07-14 11:05:43:     at Module._compile (internal/modules/cjs/loader.js:1138:30)
2020-07-14 11:05:43:     at Object.Module._extensions..js (internal/modules/cjs/loader.js:1158:10)
2020-07-14 11:05:43:     at Module.load (internal/modules/cjs/loader.js:986:32)
2020-07-14 11:05:43:     at Function.Module._load (internal/modules/cjs/loader.js:879:14)
2020-07-14 11:05:43:     at Module.require (internal/modules/cjs/loader.js:1026:19)
2020-07-14 11:05:43:     at Module.Hook._require.Module.require (/Users/tangyiping/.config/yarn/global/node_modules/require-in-the-middle/index.js:80:39)
2020-07-14 11:05:43:     at require (internal/modules/cjs/helpers.js:72:18)
2020-07-14 11:05:43: ReferenceError: async is not defined
2020-07-14 11:05:43:     at Object.<anonymous> (/Users/tangyiping/Desktop/project/learn/nodejs-weibo/src/routes/view/users.js:46:8)
2020-07-14 11:05:43:     at Module._compile (internal/modules/cjs/loader.js:1138:30)
2020-07-14 11:05:43:     at Object.Module._extensions..js (internal/modules/cjs/loader.js:1158:10)
2020-07-14 11:05:43:     at Module.load (internal/modules/cjs/loader.js:986:32)
2020-07-14 11:05:43:     at Function.Module._load (internal/modules/cjs/loader.js:879:14)
2020-07-14 11:05:43:     at Module.require (internal/modules/cjs/loader.js:1026:19)
2020-07-14 11:05:43:     at Module.Hook._require.Module.require (/Users/tangyiping/.config/yarn/global/node_modules/require-in-the-middle/index.js:80:39)
2020-07-14 11:05:43:     at require (internal/modules/cjs/helpers.js:72:18)
2020-07-14 11:05:43:     at Object.<anonymous> (/Users/tangyiping/Desktop/project/learn/nodejs-weibo/app.js:15:25)
2020-07-14 11:05:43:     at Module._compile (internal/modules/cjs/loader.js:1138:30)
2020-07-14 11:05:43:     at Object.Module._extensions..js (internal/modules/cjs/loader.js:1158:10)
2020-07-14 11:05:43:     at Module.load (internal/modules/cjs/loader.js:986:32)
2020-07-14 11:05:43:     at Function.Module._load (internal/modules/cjs/loader.js:879:14)
2020-07-14 11:05:43:     at Module.require (internal/modules/cjs/loader.js:1026:19)
2020-07-14 11:05:43:     at Module.Hook._require.Module.require (/Users/tangyiping/.config/yarn/global/node_modules/require-in-the-middle/index.js:80:39)
2020-07-14 11:05:43:     at require (internal/modules/cjs/helpers.js:72:18)
2020-07-14 11:05:43: /Users/tangyiping/Desktop/project/learn/nodejs-weibo/src/routes/view/users.js:48
2020-07-14 11:05:43: })
2020-07-14 11:05:43: ^
2020-07-14 11:05:43: 
2020-07-14 11:05:43: SyntaxError: Unexpected token '}'
2020-07-14 11:05:43:     at wrapSafe (internal/modules/cjs/loader.js:1054:16)
2020-07-14 11:05:43:     at Module._compile (internal/modules/cjs/loader.js:1102:27)
2020-07-14 11:05:43:     at Object.Module._extensions..js (internal/modules/cjs/loader.js:1158:10)
2020-07-14 11:05:43:     at Module.load (internal/modules/cjs/loader.js:986:32)
2020-07-14 11:05:43:     at Function.Module._load (internal/modules/cjs/loader.js:879:14)
2020-07-14 11:05:43:     at Module.require (internal/modules/cjs/loader.js:1026:19)
2020-07-14 11:05:43:     at Module.Hook._require.Module.require (/Users/tangyiping/.config/yarn/global/node_modules/require-in-the-middle/index.js:80:39)
2020-07-14 11:05:43:     at require (internal/modules/cjs/helpers.js:72:18)
2020-07-14 11:05:43:     at Object.<anonymous> (/Users/tangyiping/Desktop/project/learn/nodejs-weibo/app.js:15:25)
2020-07-14 11:05:43:     at Module._compile (internal/modules/cjs/loader.js:1138:30)
2020-07-14 11:05:43:     at Object.Module._extensions..js (internal/modules/cjs/loader.js:1158:10)
2020-07-14 11:05:43:     at Module.load (internal/modules/cjs/loader.js:986:32)
2020-07-14 11:05:43:     at Function.Module._load (internal/modules/cjs/loader.js:879:14)
2020-07-14 11:05:43:     at Module.require (internal/modules/cjs/loader.js:1026:19)
2020-07-14 11:05:43:     at Module.Hook._require.Module.require (/Users/tangyiping/.config/yarn/global/node_modules/require-in-the-middle/index.js:80:39)
2020-07-14 11:05:43:     at require (internal/modules/cjs/helpers.js:72:18)
2020-07-14 11:05:44: /Users/tangyiping/Desktop/project/learn/nodejs-weibo/src/routes/view/users.js:48
2020-07-14 11:05:44: })
2020-07-14 11:05:44: ^
2020-07-14 11:05:44: 
2020-07-14 11:05:44: SyntaxError: Unexpected token '}'
2020-07-14 11:05:44:     at wrapSafe (internal/modules/cjs/loader.js:1054:16)
2020-07-14 11:05:44:     at Module._compile (internal/modules/cjs/loader.js:1102:27)
2020-07-14 11:05:44:     at Object.Module._extensions..js (internal/modules/cjs/loader.js:1158:10)
2020-07-14 11:05:44:     at Module.load (internal/modules/cjs/loader.js:986:32)
2020-07-14 11:05:44:     at Function.Module._load (internal/modules/cjs/loader.js:879:14)
2020-07-14 11:05:44:     at Module.require (internal/modules/cjs/loader.js:1026:19)
2020-07-14 11:05:44:     at Module.Hook._require.Module.require (/Users/tangyiping/.config/yarn/global/node_modules/require-in-the-middle/index.js:80:39)
2020-07-14 11:05:44:     at require (internal/modules/cjs/helpers.js:72:18)
2020-07-14 11:05:44:     at Object.<anonymous> (/Users/tangyiping/Desktop/project/learn/nodejs-weibo/app.js:15:25)
2020-07-14 11:05:44:     at Module._compile (internal/modules/cjs/loader.js:1138:30)
2020-07-14 11:05:44:     at Object.Module._extensions..js (internal/modules/cjs/loader.js:1158:10)
2020-07-14 11:05:44:     at Module.load (internal/modules/cjs/loader.js:986:32)
2020-07-14 11:05:44:     at Function.Module._load (internal/modules/cjs/loader.js:879:14)
2020-07-14 11:05:44:     at Module.require (internal/modules/cjs/loader.js:1026:19)
2020-07-14 11:05:44:     at Module.Hook._require.Module.require (/Users/tangyiping/.config/yarn/global/node_modules/require-in-the-middle/index.js:80:39)
2020-07-14 11:05:44:     at require (internal/modules/cjs/helpers.js:72:18)
2020-07-14 11:05:44: /Users/tangyiping/Desktop/project/learn/nodejs-weibo/src/routes/view/users.js:48
2020-07-14 11:05:44: })
2020-07-14 11:05:44: ^
2020-07-14 11:05:44: 
2020-07-14 11:05:44: SyntaxError: Unexpected token '}'
2020-07-14 11:05:44:     at wrapSafe (internal/modules/cjs/loader.js:1054:16)
2020-07-14 11:05:44:     at Module._compile (internal/modules/cjs/loader.js:1102:27)
2020-07-14 11:05:44:     at Object.Module._extensions..js (internal/modules/cjs/loader.js:1158:10)
2020-07-14 11:05:44:     at Module.load (internal/modules/cjs/loader.js:986:32)
2020-07-14 11:05:44:     at Function.Module._load (internal/modules/cjs/loader.js:879:14)
2020-07-14 11:05:44:     at Module.require (internal/modules/cjs/loader.js:1026:19)
2020-07-14 11:05:44:     at Module.Hook._require.Module.require (/Users/tangyiping/.config/yarn/global/node_modules/require-in-the-middle/index.js:80:39)
2020-07-14 11:05:44:     at require (internal/modules/cjs/helpers.js:72:18)
2020-07-14 11:05:44:     at Object.<anonymous> (/Users/tangyiping/Desktop/project/learn/nodejs-weibo/app.js:15:25)
2020-07-14 11:05:44:     at Module._compile (internal/modules/cjs/loader.js:1138:30)
2020-07-14 11:05:44:     at Object.Module._extensions..js (internal/modules/cjs/loader.js:1158:10)
2020-07-14 11:05:44:     at Module.load (internal/modules/cjs/loader.js:986:32)
2020-07-14 11:05:44:     at Function.Module._load (internal/modules/cjs/loader.js:879:14)
2020-07-14 11:05:44:     at Module.require (internal/modules/cjs/loader.js:1026:19)
2020-07-14 11:05:44:     at Module.Hook._require.Module.require (/Users/tangyiping/.config/yarn/global/node_modules/require-in-the-middle/index.js:80:39)
2020-07-14 11:05:44:     at require (internal/modules/cjs/helpers.js:72:18)
2020-07-14 11:05:45: /Users/tangyiping/Desktop/project/learn/nodejs-weibo/src/routes/view/users.js:48
2020-07-14 11:05:45: })
2020-07-14 11:05:45: ^
2020-07-14 11:05:45: 
2020-07-14 11:05:45: SyntaxError: Unexpected token '}'
2020-07-14 11:05:45:     at wrapSafe (internal/modules/cjs/loader.js:1054:16)
2020-07-14 11:05:45:     at Module._compile (internal/modules/cjs/loader.js:1102:27)
2020-07-14 11:05:45:     at Object.Module._extensions..js (internal/modules/cjs/loader.js:1158:10)
2020-07-14 11:05:45:     at Module.load (internal/modules/cjs/loader.js:986:32)
2020-07-14 11:05:45:     at Function.Module._load (internal/modules/cjs/loader.js:879:14)
2020-07-14 11:05:45:     at Module.require (internal/modules/cjs/loader.js:1026:19)
2020-07-14 11:05:45:     at Module.Hook._require.Module.require (/Users/tangyiping/.config/yarn/global/node_modules/require-in-the-middle/index.js:80:39)
2020-07-14 11:05:45:     at require (internal/modules/cjs/helpers.js:72:18)
2020-07-14 11:05:45:     at Object.<anonymous> (/Users/tangyiping/Desktop/project/learn/nodejs-weibo/app.js:15:25)
2020-07-14 11:05:45:     at Module._compile (internal/modules/cjs/loader.js:1138:30)
2020-07-14 11:05:45:     at Object.Module._extensions..js (internal/modules/cjs/loader.js:1158:10)
2020-07-14 11:05:45:     at Module.load (internal/modules/cjs/loader.js:986:32)
2020-07-14 11:05:45:     at Function.Module._load (internal/modules/cjs/loader.js:879:14)
2020-07-14 11:05:45:     at Module.require (internal/modules/cjs/loader.js:1026:19)
2020-07-14 11:05:45:     at Module.Hook._require.Module.require (/Users/tangyiping/.config/yarn/global/node_modules/require-in-the-middle/index.js:80:39)
2020-07-14 11:05:45:     at require (internal/modules/cjs/helpers.js:72:18)
2020-07-14 11:05:45: /Users/tangyiping/Desktop/project/learn/nodejs-weibo/src/routes/view/users.js:48
2020-07-14 11:05:45: })
2020-07-14 11:05:45: ^
2020-07-14 11:05:45: 
2020-07-14 11:05:45: SyntaxError: Unexpected token '}'
2020-07-14 11:05:45:     at wrapSafe (internal/modules/cjs/loader.js:1054:16)
2020-07-14 11:05:45:     at Module._compile (internal/modules/cjs/loader.js:1102:27)
2020-07-14 11:05:45:     at Object.Module._extensions..js (internal/modules/cjs/loader.js:1158:10)
2020-07-14 11:05:45:     at Module.load (internal/modules/cjs/loader.js:986:32)
2020-07-14 11:05:45:     at Function.Module._load (internal/modules/cjs/loader.js:879:14)
2020-07-14 11:05:45:     at Module.require (internal/modules/cjs/loader.js:1026:19)
2020-07-14 11:05:45:     at Module.Hook._require.Module.require (/Users/tangyiping/.config/yarn/global/node_modules/require-in-the-middle/index.js:80:39)
2020-07-14 11:05:45:     at require (internal/modules/cjs/helpers.js:72:18)
2020-07-14 11:05:45:     at Object.<anonymous> (/Users/tangyiping/Desktop/project/learn/nodejs-weibo/app.js:15:25)
2020-07-14 11:05:45:     at Module._compile (internal/modules/cjs/loader.js:1138:30)
2020-07-14 11:05:45:     at Object.Module._extensions..js (internal/modules/cjs/loader.js:1158:10)
2020-07-14 11:05:45:     at Module.load (internal/modules/cjs/loader.js:986:32)
2020-07-14 11:05:45:     at Function.Module._load (internal/modules/cjs/loader.js:879:14)
2020-07-14 11:05:45:     at Module.require (internal/modules/cjs/loader.js:1026:19)
2020-07-14 11:05:45:     at Module.Hook._require.Module.require (/Users/tangyiping/.config/yarn/global/node_modules/require-in-the-middle/index.js:80:39)
2020-07-14 11:05:45:     at require (internal/modules/cjs/helpers.js:72:18)
2020-07-14 11:05:45: /Users/tangyiping/Desktop/project/learn/nodejs-weibo/src/routes/view/users.js:48
2020-07-14 11:05:45: })
2020-07-14 11:05:45: ^
2020-07-14 11:05:45: 
2020-07-14 11:05:45: SyntaxError: Unexpected token '}'
2020-07-14 11:05:45:     at wrapSafe (internal/modules/cjs/loader.js:1054:16)
2020-07-14 11:05:45:     at Module._compile (internal/modules/cjs/loader.js:1102:27)
2020-07-14 11:05:45:     at Object.Module._extensions..js (internal/modules/cjs/loader.js:1158:10)
2020-07-14 11:05:45:     at Module.load (internal/modules/cjs/loader.js:986:32)
2020-07-14 11:05:45:     at Function.Module._load (internal/modules/cjs/loader.js:879:14)
2020-07-14 11:05:45:     at Module.require (internal/modules/cjs/loader.js:1026:19)
2020-07-14 11:05:45:     at Module.Hook._require.Module.require (/Users/tangyiping/.config/yarn/global/node_modules/require-in-the-middle/index.js:80:39)
2020-07-14 11:05:45:     at require (internal/modules/cjs/helpers.js:72:18)
2020-07-14 11:05:45:     at Object.<anonymous> (/Users/tangyiping/Desktop/project/learn/nodejs-weibo/app.js:15:25)
2020-07-14 11:05:45:     at Module._compile (internal/modules/cjs/loader.js:1138:30)
2020-07-14 11:05:45:     at Object.Module._extensions..js (internal/modules/cjs/loader.js:1158:10)
2020-07-14 11:05:45:     at Module.load (internal/modules/cjs/loader.js:986:32)
2020-07-14 11:05:45:     at Function.Module._load (internal/modules/cjs/loader.js:879:14)
2020-07-14 11:05:45:     at Module.require (internal/modules/cjs/loader.js:1026:19)
2020-07-14 11:05:45:     at Module.Hook._require.Module.require (/Users/tangyiping/.config/yarn/global/node_modules/require-in-the-middle/index.js:80:39)
2020-07-14 11:05:45:     at require (internal/modules/cjs/helpers.js:72:18)
2020-07-14 11:05:45: /Users/tangyiping/Desktop/project/learn/nodejs-weibo/src/routes/view/users.js:48
2020-07-14 11:05:45: })
2020-07-14 11:05:45: ^
2020-07-14 11:05:45: 
2020-07-14 11:05:45: SyntaxError: Unexpected token '}'
2020-07-14 11:05:45:     at wrapSafe (internal/modules/cjs/loader.js:1054:16)
2020-07-14 11:05:45:     at Module._compile (internal/modules/cjs/loader.js:1102:27)
2020-07-14 11:05:45:     at Object.Module._extensions..js (internal/modules/cjs/loader.js:1158:10)
2020-07-14 11:05:45:     at Module.load (internal/modules/cjs/loader.js:986:32)
2020-07-14 11:05:45:     at Function.Module._load (internal/modules/cjs/loader.js:879:14)
2020-07-14 11:05:45:     at Module.require (internal/modules/cjs/loader.js:1026:19)
2020-07-14 11:05:45:     at Module.Hook._require.Module.require (/Users/tangyiping/.config/yarn/global/node_modules/require-in-the-middle/index.js:80:39)
2020-07-14 11:05:45:     at require (internal/modules/cjs/helpers.js:72:18)
2020-07-14 11:05:45:     at Object.<anonymous> (/Users/tangyiping/Desktop/project/learn/nodejs-weibo/app.js:15:25)
2020-07-14 11:05:45:     at Module._compile (internal/modules/cjs/loader.js:1138:30)
2020-07-14 11:05:45:     at Object.Module._extensions..js (internal/modules/cjs/loader.js:1158:10)
2020-07-14 11:05:45:     at Module.load (internal/modules/cjs/loader.js:986:32)
2020-07-14 11:05:45:     at Function.Module._load (internal/modules/cjs/loader.js:879:14)
2020-07-14 11:05:45:     at Module.require (internal/modules/cjs/loader.js:1026:19)
2020-07-14 11:05:45:     at Module.Hook._require.Module.require (/Users/tangyiping/.config/yarn/global/node_modules/require-in-the-middle/index.js:80:39)
2020-07-14 11:05:45:     at require (internal/modules/cjs/helpers.js:72:18)
2020-07-14 11:05:46: /Users/tangyiping/Desktop/project/learn/nodejs-weibo/src/routes/view/users.js:48
2020-07-14 11:05:46: })
2020-07-14 11:05:46: ^
2020-07-14 11:05:46: 
2020-07-14 11:05:46: SyntaxError: Unexpected token '}'
2020-07-14 11:05:46:     at wrapSafe (internal/modules/cjs/loader.js:1054:16)
2020-07-14 11:05:46:     at Module._compile (internal/modules/cjs/loader.js:1102:27)
2020-07-14 11:05:46:     at Object.Module._extensions..js (internal/modules/cjs/loader.js:1158:10)
2020-07-14 11:05:46:     at Module.load (internal/modules/cjs/loader.js:986:32)
2020-07-14 11:05:46:     at Function.Module._load (internal/modules/cjs/loader.js:879:14)
2020-07-14 11:05:46:     at Module.require (internal/modules/cjs/loader.js:1026:19)
2020-07-14 11:05:46:     at Module.Hook._require.Module.require (/Users/tangyiping/.config/yarn/global/node_modules/require-in-the-middle/index.js:80:39)
2020-07-14 11:05:46:     at require (internal/modules/cjs/helpers.js:72:18)
2020-07-14 11:05:46:     at Object.<anonymous> (/Users/tangyiping/Desktop/project/learn/nodejs-weibo/app.js:15:25)
2020-07-14 11:05:46:     at Module._compile (internal/modules/cjs/loader.js:1138:30)
2020-07-14 11:05:46:     at Object.Module._extensions..js (internal/modules/cjs/loader.js:1158:10)
2020-07-14 11:05:46:     at Module.load (internal/modules/cjs/loader.js:986:32)
2020-07-14 11:05:46:     at Function.Module._load (internal/modules/cjs/loader.js:879:14)
2020-07-14 11:05:46:     at Module.require (internal/modules/cjs/loader.js:1026:19)
2020-07-14 11:05:46:     at Module.Hook._require.Module.require (/Users/tangyiping/.config/yarn/global/node_modules/require-in-the-middle/index.js:80:39)
2020-07-14 11:05:46:     at require (internal/modules/cjs/helpers.js:72:18)
2020-07-14 11:05:46: /Users/tangyiping/Desktop/project/learn/nodejs-weibo/src/routes/view/users.js:48
2020-07-14 11:05:46: })
2020-07-14 11:05:46: ^
2020-07-14 11:05:46: 
2020-07-14 11:05:46: SyntaxError: Unexpected token '}'
2020-07-14 11:05:46:     at wrapSafe (internal/modules/cjs/loader.js:1054:16)
2020-07-14 11:05:46:     at Module._compile (internal/modules/cjs/loader.js:1102:27)
2020-07-14 11:05:46:     at Object.Module._extensions..js (internal/modules/cjs/loader.js:1158:10)
2020-07-14 11:05:46:     at Module.load (internal/modules/cjs/loader.js:986:32)
2020-07-14 11:05:46:     at Function.Module._load (internal/modules/cjs/loader.js:879:14)
2020-07-14 11:05:46:     at Module.require (internal/modules/cjs/loader.js:1026:19)
2020-07-14 11:05:46:     at Module.Hook._require.Module.require (/Users/tangyiping/.config/yarn/global/node_modules/require-in-the-middle/index.js:80:39)
2020-07-14 11:05:46:     at require (internal/modules/cjs/helpers.js:72:18)
2020-07-14 11:05:46:     at Object.<anonymous> (/Users/tangyiping/Desktop/project/learn/nodejs-weibo/app.js:15:25)
2020-07-14 11:05:46:     at Module._compile (internal/modules/cjs/loader.js:1138:30)
2020-07-14 11:05:46:     at Object.Module._extensions..js (internal/modules/cjs/loader.js:1158:10)
2020-07-14 11:05:46:     at Module.load (internal/modules/cjs/loader.js:986:32)
2020-07-14 11:05:46:     at Function.Module._load (internal/modules/cjs/loader.js:879:14)
2020-07-14 11:05:46:     at Module.require (internal/modules/cjs/loader.js:1026:19)
2020-07-14 11:05:46:     at Module.Hook._require.Module.require (/Users/tangyiping/.config/yarn/global/node_modules/require-in-the-middle/index.js:80:39)
2020-07-14 11:05:46:     at require (internal/modules/cjs/helpers.js:72:18)
2020-07-14 11:05:46: /Users/tangyiping/Desktop/project/learn/nodejs-weibo/src/routes/view/users.js:48
2020-07-14 11:05:46: })
2020-07-14 11:05:46: ^
2020-07-14 11:05:46: 
2020-07-14 11:05:46: SyntaxError: Unexpected token '}'
2020-07-14 11:05:46:     at wrapSafe (internal/modules/cjs/loader.js:1054:16)
2020-07-14 11:05:46:     at Module._compile (internal/modules/cjs/loader.js:1102:27)
2020-07-14 11:05:46:     at Object.Module._extensions..js (internal/modules/cjs/loader.js:1158:10)
2020-07-14 11:05:46:     at Module.load (internal/modules/cjs/loader.js:986:32)
2020-07-14 11:05:46:     at Function.Module._load (internal/modules/cjs/loader.js:879:14)
2020-07-14 11:05:46:     at Module.require (internal/modules/cjs/loader.js:1026:19)
2020-07-14 11:05:46:     at Module.Hook._require.Module.require (/Users/tangyiping/.config/yarn/global/node_modules/require-in-the-middle/index.js:80:39)
2020-07-14 11:05:46:     at require (internal/modules/cjs/helpers.js:72:18)
2020-07-14 11:05:46:     at Object.<anonymous> (/Users/tangyiping/Desktop/project/learn/nodejs-weibo/app.js:15:25)
2020-07-14 11:05:46:     at Module._compile (internal/modules/cjs/loader.js:1138:30)
2020-07-14 11:05:46:     at Object.Module._extensions..js (internal/modules/cjs/loader.js:1158:10)
2020-07-14 11:05:46:     at Module.load (internal/modules/cjs/loader.js:986:32)
2020-07-14 11:05:46:     at Function.Module._load (internal/modules/cjs/loader.js:879:14)
2020-07-14 11:05:46:     at Module.require (internal/modules/cjs/loader.js:1026:19)
2020-07-14 11:05:46:     at Module.Hook._require.Module.require (/Users/tangyiping/.config/yarn/global/node_modules/require-in-the-middle/index.js:80:39)
2020-07-14 11:05:46:     at require (internal/modules/cjs/helpers.js:72:18)
2020-07-14 11:05:46: /Users/tangyiping/Desktop/project/learn/nodejs-weibo/src/routes/view/users.js:48
2020-07-14 11:05:46: })
2020-07-14 11:05:46: ^
2020-07-14 11:05:46: 
2020-07-14 11:05:46: SyntaxError: Unexpected token '}'
2020-07-14 11:05:46:     at wrapSafe (internal/modules/cjs/loader.js:1054:16)
2020-07-14 11:05:46:     at Module._compile (internal/modules/cjs/loader.js:1102:27)
2020-07-14 11:05:46:     at Object.Module._extensions..js (internal/modules/cjs/loader.js:1158:10)
2020-07-14 11:05:46:     at Module.load (internal/modules/cjs/loader.js:986:32)
2020-07-14 11:05:46:     at Function.Module._load (internal/modules/cjs/loader.js:879:14)
2020-07-14 11:05:46:     at Module.require (internal/modules/cjs/loader.js:1026:19)
2020-07-14 11:05:46:     at Module.Hook._require.Module.require (/Users/tangyiping/.config/yarn/global/node_modules/require-in-the-middle/index.js:80:39)
2020-07-14 11:05:46:     at require (internal/modules/cjs/helpers.js:72:18)
2020-07-14 11:05:46:     at Object.<anonymous> (/Users/tangyiping/Desktop/project/learn/nodejs-weibo/app.js:15:25)
2020-07-14 11:05:46:     at Module._compile (internal/modules/cjs/loader.js:1138:30)
2020-07-14 11:05:46:     at Object.Module._extensions..js (internal/modules/cjs/loader.js:1158:10)
2020-07-14 11:05:46:     at Module.load (internal/modules/cjs/loader.js:986:32)
2020-07-14 11:05:46:     at Function.Module._load (internal/modules/cjs/loader.js:879:14)
2020-07-14 11:05:46:     at Module.require (internal/modules/cjs/loader.js:1026:19)
2020-07-14 11:05:46:     at Module.Hook._require.Module.require (/Users/tangyiping/.config/yarn/global/node_modules/require-in-the-middle/index.js:80:39)
2020-07-14 11:05:46:     at require (internal/modules/cjs/helpers.js:72:18)
2020-07-14 11:05:47: Port 3000 is already in use
2020-07-14 11:05:48: Port 3000 is already in use
2020-07-14 11:05:48: Port 3000 is already in use
2020-07-14 11:05:49: Port 3000 is already in use
2020-07-14 11:05:49: Port 3000 is already in use
2020-07-14 11:05:50: Port 3000 is already in use
2020-07-14 11:05:51: Port 3000 is already in use
2020-07-14 11:05:52: Port 3000 is already in use
2020-07-14 11:05:52: Port 3000 is already in use
2020-07-14 11:05:53: Port 3000 is already in use
2020-07-14 11:05:53: Port 3000 is already in use
2020-07-14 11:05:54: Port 3000 is already in use
2020-07-14 11:05:55: Port 3000 is already in use
2020-07-14 11:05:55: Port 3000 is already in use
2020-07-14 11:05:56: Port 3000 is already in use
2020-07-14 11:05:56: Port 3000 is already in use
2020-07-14 11:05:56: Port 3000 is already in use
2020-07-14 11:05:57: Port 3000 is already in use
2020-07-14 11:05:57: Port 3000 is already in use
2020-07-14 11:05:58: Port 3000 is already in use
2020-07-14 11:05:58: Port 3000 is already in use
2020-07-14 11:05:59: Port 3000 is already in use
2020-07-14 11:05:59: Port 3000 is already in use
2020-07-14 11:06:00: Port 3000 is already in use
2020-07-14 11:06:00: Port 3000 is already in use
2020-07-14 11:06:01: Port 3000 is already in use
2020-07-14 11:06:02: /Users/tangyiping/Desktop/project/learn/nodejs-weibo/src/routes/view/users.js:47
2020-07-14 11:06:02:   await ctx.render('setting',ctx.)
2020-07-14 11:06:02:                                  ^
2020-07-14 11:06:02: 
2020-07-14 11:06:02: SyntaxError: Unexpected token ')'
2020-07-14 11:06:02:     at wrapSafe (internal/modules/cjs/loader.js:1054:16)
2020-07-14 11:06:02:     at Module._compile (internal/modules/cjs/loader.js:1102:27)
2020-07-14 11:06:02:     at Object.Module._extensions..js (internal/modules/cjs/loader.js:1158:10)
2020-07-14 11:06:02:     at Module.load (internal/modules/cjs/loader.js:986:32)
2020-07-14 11:06:02:     at Function.Module._load (internal/modules/cjs/loader.js:879:14)
2020-07-14 11:06:02:     at Module.require (internal/modules/cjs/loader.js:1026:19)
2020-07-14 11:06:02:     at Module.Hook._require.Module.require (/Users/tangyiping/.config/yarn/global/node_modules/require-in-the-middle/index.js:80:39)
2020-07-14 11:06:02:     at require (internal/modules/cjs/helpers.js:72:18)
2020-07-14 11:06:02:     at Object.<anonymous> (/Users/tangyiping/Desktop/project/learn/nodejs-weibo/app.js:15:25)
2020-07-14 11:06:02:     at Module._compile (internal/modules/cjs/loader.js:1138:30)
2020-07-14 11:06:02:     at Object.Module._extensions..js (internal/modules/cjs/loader.js:1158:10)
2020-07-14 11:06:02:     at Module.load (internal/modules/cjs/loader.js:986:32)
2020-07-14 11:06:02:     at Function.Module._load (internal/modules/cjs/loader.js:879:14)
2020-07-14 11:06:02:     at Module.require (internal/modules/cjs/loader.js:1026:19)
2020-07-14 11:06:02:     at Module.Hook._require.Module.require (/Users/tangyiping/.config/yarn/global/node_modules/require-in-the-middle/index.js:80:39)
2020-07-14 11:06:02:     at require (internal/modules/cjs/helpers.js:72:18)
2020-07-14 11:06:02: /Users/tangyiping/Desktop/project/learn/nodejs-weibo/src/routes/view/users.js:47
2020-07-14 11:06:02:   await ctx.render('setting',ctx.)
2020-07-14 11:06:02:                                  ^
2020-07-14 11:06:02: 
2020-07-14 11:06:02: SyntaxError: Unexpected token ')'
2020-07-14 11:06:02:     at wrapSafe (internal/modules/cjs/loader.js:1054:16)
2020-07-14 11:06:02:     at Module._compile (internal/modules/cjs/loader.js:1102:27)
2020-07-14 11:06:02:     at Object.Module._extensions..js (internal/modules/cjs/loader.js:1158:10)
2020-07-14 11:06:02:     at Module.load (internal/modules/cjs/loader.js:986:32)
2020-07-14 11:06:02:     at Function.Module._load (internal/modules/cjs/loader.js:879:14)
2020-07-14 11:06:02:     at Module.require (internal/modules/cjs/loader.js:1026:19)
2020-07-14 11:06:02:     at Module.Hook._require.Module.require (/Users/tangyiping/.config/yarn/global/node_modules/require-in-the-middle/index.js:80:39)
2020-07-14 11:06:02:     at require (internal/modules/cjs/helpers.js:72:18)
2020-07-14 11:06:02:     at Object.<anonymous> (/Users/tangyiping/Desktop/project/learn/nodejs-weibo/app.js:15:25)
2020-07-14 11:06:02:     at Module._compile (internal/modules/cjs/loader.js:1138:30)
2020-07-14 11:06:02:     at Object.Module._extensions..js (internal/modules/cjs/loader.js:1158:10)
2020-07-14 11:06:02:     at Module.load (internal/modules/cjs/loader.js:986:32)
2020-07-14 11:06:02:     at Function.Module._load (internal/modules/cjs/loader.js:879:14)
2020-07-14 11:06:02:     at Module.require (internal/modules/cjs/loader.js:1026:19)
2020-07-14 11:06:02:     at Module.Hook._require.Module.require (/Users/tangyiping/.config/yarn/global/node_modules/require-in-the-middle/index.js:80:39)
2020-07-14 11:06:02:     at require (internal/modules/cjs/helpers.js:72:18)
2020-07-14 11:06:02: /Users/tangyiping/Desktop/project/learn/nodejs-weibo/src/routes/view/users.js:47
2020-07-14 11:06:02:   await ctx.render('setting',ctx.)
2020-07-14 11:06:02:                                  ^
2020-07-14 11:06:02: 
2020-07-14 11:06:02: SyntaxError: Unexpected token ')'
2020-07-14 11:06:02:     at wrapSafe (internal/modules/cjs/loader.js:1054:16)
2020-07-14 11:06:02:     at Module._compile (internal/modules/cjs/loader.js:1102:27)
2020-07-14 11:06:02:     at Object.Module._extensions..js (internal/modules/cjs/loader.js:1158:10)
2020-07-14 11:06:02:     at Module.load (internal/modules/cjs/loader.js:986:32)
2020-07-14 11:06:02:     at Function.Module._load (internal/modules/cjs/loader.js:879:14)
2020-07-14 11:06:02:     at Module.require (internal/modules/cjs/loader.js:1026:19)
2020-07-14 11:06:02:     at Module.Hook._require.Module.require (/Users/tangyiping/.config/yarn/global/node_modules/require-in-the-middle/index.js:80:39)
2020-07-14 11:06:02:     at require (internal/modules/cjs/helpers.js:72:18)
2020-07-14 11:06:02:     at Object.<anonymous> (/Users/tangyiping/Desktop/project/learn/nodejs-weibo/app.js:15:25)
2020-07-14 11:06:02:     at Module._compile (internal/modules/cjs/loader.js:1138:30)
2020-07-14 11:06:02:     at Object.Module._extensions..js (internal/modules/cjs/loader.js:1158:10)
2020-07-14 11:06:02:     at Module.load (internal/modules/cjs/loader.js:986:32)
2020-07-14 11:06:02:     at Function.Module._load (internal/modules/cjs/loader.js:879:14)
2020-07-14 11:06:02:     at Module.require (internal/modules/cjs/loader.js:1026:19)
2020-07-14 11:06:02:     at Module.Hook._require.Module.require (/Users/tangyiping/.config/yarn/global/node_modules/require-in-the-middle/index.js:80:39)
2020-07-14 11:06:02:     at require (internal/modules/cjs/helpers.js:72:18)
2020-07-14 11:06:03: /Users/tangyiping/Desktop/project/learn/nodejs-weibo/src/routes/view/users.js:47
2020-07-14 11:06:03:   await ctx.render('setting',ctx.)
2020-07-14 11:06:03:                                  ^
2020-07-14 11:06:03: 
2020-07-14 11:06:03: SyntaxError: Unexpected token ')'
2020-07-14 11:06:03:     at wrapSafe (internal/modules/cjs/loader.js:1054:16)
2020-07-14 11:06:03:     at Module._compile (internal/modules/cjs/loader.js:1102:27)
2020-07-14 11:06:03:     at Object.Module._extensions..js (internal/modules/cjs/loader.js:1158:10)
2020-07-14 11:06:03:     at Module.load (internal/modules/cjs/loader.js:986:32)
2020-07-14 11:06:03:     at Function.Module._load (internal/modules/cjs/loader.js:879:14)
2020-07-14 11:06:03:     at Module.require (internal/modules/cjs/loader.js:1026:19)
2020-07-14 11:06:03:     at Module.Hook._require.Module.require (/Users/tangyiping/.config/yarn/global/node_modules/require-in-the-middle/index.js:80:39)
2020-07-14 11:06:03:     at require (internal/modules/cjs/helpers.js:72:18)
2020-07-14 11:06:03:     at Object.<anonymous> (/Users/tangyiping/Desktop/project/learn/nodejs-weibo/app.js:15:25)
2020-07-14 11:06:03:     at Module._compile (internal/modules/cjs/loader.js:1138:30)
2020-07-14 11:06:03:     at Object.Module._extensions..js (internal/modules/cjs/loader.js:1158:10)
2020-07-14 11:06:03:     at Module.load (internal/modules/cjs/loader.js:986:32)
2020-07-14 11:06:03:     at Function.Module._load (internal/modules/cjs/loader.js:879:14)
2020-07-14 11:06:03:     at Module.require (internal/modules/cjs/loader.js:1026:19)
2020-07-14 11:06:03:     at Module.Hook._require.Module.require (/Users/tangyiping/.config/yarn/global/node_modules/require-in-the-middle/index.js:80:39)
2020-07-14 11:06:03:     at require (internal/modules/cjs/helpers.js:72:18)
2020-07-14 11:06:03: /Users/tangyiping/Desktop/project/learn/nodejs-weibo/src/routes/view/users.js:47
2020-07-14 11:06:03:   await ctx.render('setting',ctx.)
2020-07-14 11:06:03:                                  ^
2020-07-14 11:06:03: 
2020-07-14 11:06:03: SyntaxError: Unexpected token ')'
2020-07-14 11:06:03:     at wrapSafe (internal/modules/cjs/loader.js:1054:16)
2020-07-14 11:06:03:     at Module._compile (internal/modules/cjs/loader.js:1102:27)
2020-07-14 11:06:03:     at Object.Module._extensions..js (internal/modules/cjs/loader.js:1158:10)
2020-07-14 11:06:03:     at Module.load (internal/modules/cjs/loader.js:986:32)
2020-07-14 11:06:03:     at Function.Module._load (internal/modules/cjs/loader.js:879:14)
2020-07-14 11:06:03:     at Module.require (internal/modules/cjs/loader.js:1026:19)
2020-07-14 11:06:03:     at Module.Hook._require.Module.require (/Users/tangyiping/.config/yarn/global/node_modules/require-in-the-middle/index.js:80:39)
2020-07-14 11:06:03:     at require (internal/modules/cjs/helpers.js:72:18)
2020-07-14 11:06:03:     at Object.<anonymous> (/Users/tangyiping/Desktop/project/learn/nodejs-weibo/app.js:15:25)
2020-07-14 11:06:03:     at Module._compile (internal/modules/cjs/loader.js:1138:30)
2020-07-14 11:06:03:     at Object.Module._extensions..js (internal/modules/cjs/loader.js:1158:10)
2020-07-14 11:06:03:     at Module.load (internal/modules/cjs/loader.js:986:32)
2020-07-14 11:06:03:     at Function.Module._load (internal/modules/cjs/loader.js:879:14)
2020-07-14 11:06:03:     at Module.require (internal/modules/cjs/loader.js:1026:19)
2020-07-14 11:06:03:     at Module.Hook._require.Module.require (/Users/tangyiping/.config/yarn/global/node_modules/require-in-the-middle/index.js:80:39)
2020-07-14 11:06:03:     at require (internal/modules/cjs/helpers.js:72:18)
2020-07-14 11:06:03: /Users/tangyiping/Desktop/project/learn/nodejs-weibo/src/routes/view/users.js:47
2020-07-14 11:06:03:   await ctx.render('setting',ctx.)
2020-07-14 11:06:03:                                  ^
2020-07-14 11:06:03: 
2020-07-14 11:06:03: SyntaxError: Unexpected token ')'
2020-07-14 11:06:03:     at wrapSafe (internal/modules/cjs/loader.js:1054:16)
2020-07-14 11:06:03:     at Module._compile (internal/modules/cjs/loader.js:1102:27)
2020-07-14 11:06:03:     at Object.Module._extensions..js (internal/modules/cjs/loader.js:1158:10)
2020-07-14 11:06:03:     at Module.load (internal/modules/cjs/loader.js:986:32)
2020-07-14 11:06:03:     at Function.Module._load (internal/modules/cjs/loader.js:879:14)
2020-07-14 11:06:03:     at Module.require (internal/modules/cjs/loader.js:1026:19)
2020-07-14 11:06:03:     at Module.Hook._require.Module.require (/Users/tangyiping/.config/yarn/global/node_modules/require-in-the-middle/index.js:80:39)
2020-07-14 11:06:03:     at require (internal/modules/cjs/helpers.js:72:18)
2020-07-14 11:06:03:     at Object.<anonymous> (/Users/tangyiping/Desktop/project/learn/nodejs-weibo/app.js:15:25)
2020-07-14 11:06:03:     at Module._compile (internal/modules/cjs/loader.js:1138:30)
2020-07-14 11:06:03:     at Object.Module._extensions..js (internal/modules/cjs/loader.js:1158:10)
2020-07-14 11:06:03:     at Module.load (internal/modules/cjs/loader.js:986:32)
2020-07-14 11:06:03:     at Function.Module._load (internal/modules/cjs/loader.js:879:14)
2020-07-14 11:06:03:     at Module.require (internal/modules/cjs/loader.js:1026:19)
2020-07-14 11:06:03:     at Module.Hook._require.Module.require (/Users/tangyiping/.config/yarn/global/node_modules/require-in-the-middle/index.js:80:39)
2020-07-14 11:06:03:     at require (internal/modules/cjs/helpers.js:72:18)
2020-07-14 11:06:03: /Users/tangyiping/Desktop/project/learn/nodejs-weibo/src/routes/view/users.js:47
2020-07-14 11:06:03:   await ctx.render('setting',ctx.)
2020-07-14 11:06:03:                                  ^
2020-07-14 11:06:03: 
2020-07-14 11:06:03: SyntaxError: Unexpected token ')'
2020-07-14 11:06:03:     at wrapSafe (internal/modules/cjs/loader.js:1054:16)
2020-07-14 11:06:03:     at Module._compile (internal/modules/cjs/loader.js:1102:27)
2020-07-14 11:06:03:     at Object.Module._extensions..js (internal/modules/cjs/loader.js:1158:10)
2020-07-14 11:06:03:     at Module.load (internal/modules/cjs/loader.js:986:32)
2020-07-14 11:06:03:     at Function.Module._load (internal/modules/cjs/loader.js:879:14)
2020-07-14 11:06:03:     at Module.require (internal/modules/cjs/loader.js:1026:19)
2020-07-14 11:06:03:     at Module.Hook._require.Module.require (/Users/tangyiping/.config/yarn/global/node_modules/require-in-the-middle/index.js:80:39)
2020-07-14 11:06:03:     at require (internal/modules/cjs/helpers.js:72:18)
2020-07-14 11:06:03:     at Object.<anonymous> (/Users/tangyiping/Desktop/project/learn/nodejs-weibo/app.js:15:25)
2020-07-14 11:06:03:     at Module._compile (internal/modules/cjs/loader.js:1138:30)
2020-07-14 11:06:03:     at Object.Module._extensions..js (internal/modules/cjs/loader.js:1158:10)
2020-07-14 11:06:03:     at Module.load (internal/modules/cjs/loader.js:986:32)
2020-07-14 11:06:03:     at Function.Module._load (internal/modules/cjs/loader.js:879:14)
2020-07-14 11:06:03:     at Module.require (internal/modules/cjs/loader.js:1026:19)
2020-07-14 11:06:03:     at Module.Hook._require.Module.require (/Users/tangyiping/.config/yarn/global/node_modules/require-in-the-middle/index.js:80:39)
2020-07-14 11:06:03:     at require (internal/modules/cjs/helpers.js:72:18)
2020-07-14 11:06:04: /Users/tangyiping/Desktop/project/learn/nodejs-weibo/src/routes/view/users.js:47
2020-07-14 11:06:04:   await ctx.render('setting',ctx.)
2020-07-14 11:06:04:                                  ^
2020-07-14 11:06:04: 
2020-07-14 11:06:04: SyntaxError: Unexpected token ')'
2020-07-14 11:06:04:     at wrapSafe (internal/modules/cjs/loader.js:1054:16)
2020-07-14 11:06:04:     at Module._compile (internal/modules/cjs/loader.js:1102:27)
2020-07-14 11:06:04:     at Object.Module._extensions..js (internal/modules/cjs/loader.js:1158:10)
2020-07-14 11:06:04:     at Module.load (internal/modules/cjs/loader.js:986:32)
2020-07-14 11:06:04:     at Function.Module._load (internal/modules/cjs/loader.js:879:14)
2020-07-14 11:06:04:     at Module.require (internal/modules/cjs/loader.js:1026:19)
2020-07-14 11:06:04:     at Module.Hook._require.Module.require (/Users/tangyiping/.config/yarn/global/node_modules/require-in-the-middle/index.js:80:39)
2020-07-14 11:06:04:     at require (internal/modules/cjs/helpers.js:72:18)
2020-07-14 11:06:04:     at Object.<anonymous> (/Users/tangyiping/Desktop/project/learn/nodejs-weibo/app.js:15:25)
2020-07-14 11:06:04:     at Module._compile (internal/modules/cjs/loader.js:1138:30)
2020-07-14 11:06:04:     at Object.Module._extensions..js (internal/modules/cjs/loader.js:1158:10)
2020-07-14 11:06:04:     at Module.load (internal/modules/cjs/loader.js:986:32)
2020-07-14 11:06:04:     at Function.Module._load (internal/modules/cjs/loader.js:879:14)
2020-07-14 11:06:04:     at Module.require (internal/modules/cjs/loader.js:1026:19)
2020-07-14 11:06:04:     at Module.Hook._require.Module.require (/Users/tangyiping/.config/yarn/global/node_modules/require-in-the-middle/index.js:80:39)
2020-07-14 11:06:04:     at require (internal/modules/cjs/helpers.js:72:18)
2020-07-14 11:06:04: /Users/tangyiping/Desktop/project/learn/nodejs-weibo/src/routes/view/users.js:47
2020-07-14 11:06:04:   await ctx.render('setting',ctx.session.)
2020-07-14 11:06:04:                                          ^
2020-07-14 11:06:04: 
2020-07-14 11:06:04: SyntaxError: Unexpected token ')'
2020-07-14 11:06:04:     at wrapSafe (internal/modules/cjs/loader.js:1054:16)
2020-07-14 11:06:04:     at Module._compile (internal/modules/cjs/loader.js:1102:27)
2020-07-14 11:06:04:     at Object.Module._extensions..js (internal/modules/cjs/loader.js:1158:10)
2020-07-14 11:06:04:     at Module.load (internal/modules/cjs/loader.js:986:32)
2020-07-14 11:06:04:     at Function.Module._load (internal/modules/cjs/loader.js:879:14)
2020-07-14 11:06:04:     at Module.require (internal/modules/cjs/loader.js:1026:19)
2020-07-14 11:06:04:     at Module.Hook._require.Module.require (/Users/tangyiping/.config/yarn/global/node_modules/require-in-the-middle/index.js:80:39)
2020-07-14 11:06:04:     at require (internal/modules/cjs/helpers.js:72:18)
2020-07-14 11:06:04:     at Object.<anonymous> (/Users/tangyiping/Desktop/project/learn/nodejs-weibo/app.js:15:25)
2020-07-14 11:06:04:     at Module._compile (internal/modules/cjs/loader.js:1138:30)
2020-07-14 11:06:04:     at Object.Module._extensions..js (internal/modules/cjs/loader.js:1158:10)
2020-07-14 11:06:04:     at Module.load (internal/modules/cjs/loader.js:986:32)
2020-07-14 11:06:04:     at Function.Module._load (internal/modules/cjs/loader.js:879:14)
2020-07-14 11:06:04:     at Module.require (internal/modules/cjs/loader.js:1026:19)
2020-07-14 11:06:04:     at Module.Hook._require.Module.require (/Users/tangyiping/.config/yarn/global/node_modules/require-in-the-middle/index.js:80:39)
2020-07-14 11:06:04:     at require (internal/modules/cjs/helpers.js:72:18)
2020-07-14 11:06:04: /Users/tangyiping/Desktop/project/learn/nodejs-weibo/src/routes/view/users.js:47
2020-07-14 11:06:04:   await ctx.render('setting',ctx.session.)
2020-07-14 11:06:04:                                          ^
2020-07-14 11:06:04: 
2020-07-14 11:06:04: SyntaxError: Unexpected token ')'
2020-07-14 11:06:04:     at wrapSafe (internal/modules/cjs/loader.js:1054:16)
2020-07-14 11:06:04:     at Module._compile (internal/modules/cjs/loader.js:1102:27)
2020-07-14 11:06:04:     at Object.Module._extensions..js (internal/modules/cjs/loader.js:1158:10)
2020-07-14 11:06:04:     at Module.load (internal/modules/cjs/loader.js:986:32)
2020-07-14 11:06:04:     at Function.Module._load (internal/modules/cjs/loader.js:879:14)
2020-07-14 11:06:04:     at Module.require (internal/modules/cjs/loader.js:1026:19)
2020-07-14 11:06:04:     at Module.Hook._require.Module.require (/Users/tangyiping/.config/yarn/global/node_modules/require-in-the-middle/index.js:80:39)
2020-07-14 11:06:04:     at require (internal/modules/cjs/helpers.js:72:18)
2020-07-14 11:06:04:     at Object.<anonymous> (/Users/tangyiping/Desktop/project/learn/nodejs-weibo/app.js:15:25)
2020-07-14 11:06:04:     at Module._compile (internal/modules/cjs/loader.js:1138:30)
2020-07-14 11:06:04:     at Object.Module._extensions..js (internal/modules/cjs/loader.js:1158:10)
2020-07-14 11:06:04:     at Module.load (internal/modules/cjs/loader.js:986:32)
2020-07-14 11:06:04:     at Function.Module._load (internal/modules/cjs/loader.js:879:14)
2020-07-14 11:06:04:     at Module.require (internal/modules/cjs/loader.js:1026:19)
2020-07-14 11:06:04:     at Module.Hook._require.Module.require (/Users/tangyiping/.config/yarn/global/node_modules/require-in-the-middle/index.js:80:39)
2020-07-14 11:06:04:     at require (internal/modules/cjs/helpers.js:72:18)
2020-07-14 11:06:05: /Users/tangyiping/Desktop/project/learn/nodejs-weibo/src/routes/view/users.js:47
2020-07-14 11:06:05:   await ctx.render('setting',ctx.session.)
2020-07-14 11:06:05:                                          ^
2020-07-14 11:06:05: 
2020-07-14 11:06:05: SyntaxError: Unexpected token ')'
2020-07-14 11:06:05:     at wrapSafe (internal/modules/cjs/loader.js:1054:16)
2020-07-14 11:06:05:     at Module._compile (internal/modules/cjs/loader.js:1102:27)
2020-07-14 11:06:05:     at Object.Module._extensions..js (internal/modules/cjs/loader.js:1158:10)
2020-07-14 11:06:05:     at Module.load (internal/modules/cjs/loader.js:986:32)
2020-07-14 11:06:05:     at Function.Module._load (internal/modules/cjs/loader.js:879:14)
2020-07-14 11:06:05:     at Module.require (internal/modules/cjs/loader.js:1026:19)
2020-07-14 11:06:05:     at Module.Hook._require.Module.require (/Users/tangyiping/.config/yarn/global/node_modules/require-in-the-middle/index.js:80:39)
2020-07-14 11:06:05:     at require (internal/modules/cjs/helpers.js:72:18)
2020-07-14 11:06:05:     at Object.<anonymous> (/Users/tangyiping/Desktop/project/learn/nodejs-weibo/app.js:15:25)
2020-07-14 11:06:05:     at Module._compile (internal/modules/cjs/loader.js:1138:30)
2020-07-14 11:06:05:     at Object.Module._extensions..js (internal/modules/cjs/loader.js:1158:10)
2020-07-14 11:06:05:     at Module.load (internal/modules/cjs/loader.js:986:32)
2020-07-14 11:06:05:     at Function.Module._load (internal/modules/cjs/loader.js:879:14)
2020-07-14 11:06:05:     at Module.require (internal/modules/cjs/loader.js:1026:19)
2020-07-14 11:06:05:     at Module.Hook._require.Module.require (/Users/tangyiping/.config/yarn/global/node_modules/require-in-the-middle/index.js:80:39)
2020-07-14 11:06:05:     at require (internal/modules/cjs/helpers.js:72:18)
2020-07-14 11:06:05: /Users/tangyiping/Desktop/project/learn/nodejs-weibo/src/routes/view/users.js:47
2020-07-14 11:06:05:   await ctx.render('setting',ctx.session.)
2020-07-14 11:06:05:                                          ^
2020-07-14 11:06:05: 
2020-07-14 11:06:05: SyntaxError: Unexpected token ')'
2020-07-14 11:06:05:     at wrapSafe (internal/modules/cjs/loader.js:1054:16)
2020-07-14 11:06:05:     at Module._compile (internal/modules/cjs/loader.js:1102:27)
2020-07-14 11:06:05:     at Object.Module._extensions..js (internal/modules/cjs/loader.js:1158:10)
2020-07-14 11:06:05:     at Module.load (internal/modules/cjs/loader.js:986:32)
2020-07-14 11:06:05:     at Function.Module._load (internal/modules/cjs/loader.js:879:14)
2020-07-14 11:06:05:     at Module.require (internal/modules/cjs/loader.js:1026:19)
2020-07-14 11:06:05:     at Module.Hook._require.Module.require (/Users/tangyiping/.config/yarn/global/node_modules/require-in-the-middle/index.js:80:39)
2020-07-14 11:06:05:     at require (internal/modules/cjs/helpers.js:72:18)
2020-07-14 11:06:05:     at Object.<anonymous> (/Users/tangyiping/Desktop/project/learn/nodejs-weibo/app.js:15:25)
2020-07-14 11:06:05:     at Module._compile (internal/modules/cjs/loader.js:1138:30)
2020-07-14 11:06:05:     at Object.Module._extensions..js (internal/modules/cjs/loader.js:1158:10)
2020-07-14 11:06:05:     at Module.load (internal/modules/cjs/loader.js:986:32)
2020-07-14 11:06:05:     at Function.Module._load (internal/modules/cjs/loader.js:879:14)
2020-07-14 11:06:05:     at Module.require (internal/modules/cjs/loader.js:1026:19)
2020-07-14 11:06:05:     at Module.Hook._require.Module.require (/Users/tangyiping/.config/yarn/global/node_modules/require-in-the-middle/index.js:80:39)
2020-07-14 11:06:05:     at require (internal/modules/cjs/helpers.js:72:18)
2020-07-14 11:06:05: /Users/tangyiping/Desktop/project/learn/nodejs-weibo/src/routes/view/users.js:47
2020-07-14 11:06:05:   await ctx.render('setting',ctx.session.)
2020-07-14 11:06:05:                                          ^
2020-07-14 11:06:05: 
2020-07-14 11:06:05: SyntaxError: Unexpected token ')'
2020-07-14 11:06:05:     at wrapSafe (internal/modules/cjs/loader.js:1054:16)
2020-07-14 11:06:05:     at Module._compile (internal/modules/cjs/loader.js:1102:27)
2020-07-14 11:06:05:     at Object.Module._extensions..js (internal/modules/cjs/loader.js:1158:10)
2020-07-14 11:06:05:     at Module.load (internal/modules/cjs/loader.js:986:32)
2020-07-14 11:06:05:     at Function.Module._load (internal/modules/cjs/loader.js:879:14)
2020-07-14 11:06:05:     at Module.require (internal/modules/cjs/loader.js:1026:19)
2020-07-14 11:06:05:     at Module.Hook._require.Module.require (/Users/tangyiping/.config/yarn/global/node_modules/require-in-the-middle/index.js:80:39)
2020-07-14 11:06:05:     at require (internal/modules/cjs/helpers.js:72:18)
2020-07-14 11:06:05:     at Object.<anonymous> (/Users/tangyiping/Desktop/project/learn/nodejs-weibo/app.js:15:25)
2020-07-14 11:06:05:     at Module._compile (internal/modules/cjs/loader.js:1138:30)
2020-07-14 11:06:05:     at Object.Module._extensions..js (internal/modules/cjs/loader.js:1158:10)
2020-07-14 11:06:05:     at Module.load (internal/modules/cjs/loader.js:986:32)
2020-07-14 11:06:05:     at Function.Module._load (internal/modules/cjs/loader.js:879:14)
2020-07-14 11:06:05:     at Module.require (internal/modules/cjs/loader.js:1026:19)
2020-07-14 11:06:05:     at Module.Hook._require.Module.require (/Users/tangyiping/.config/yarn/global/node_modules/require-in-the-middle/index.js:80:39)
2020-07-14 11:06:05:     at require (internal/modules/cjs/helpers.js:72:18)
2020-07-14 11:06:05: /Users/tangyiping/Desktop/project/learn/nodejs-weibo/src/routes/view/users.js:47
2020-07-14 11:06:05:   await ctx.render('setting',ctx.session.)
2020-07-14 11:06:05:                                          ^
2020-07-14 11:06:05: 
2020-07-14 11:06:05: SyntaxError: Unexpected token ')'
2020-07-14 11:06:05:     at wrapSafe (internal/modules/cjs/loader.js:1054:16)
2020-07-14 11:06:05:     at Module._compile (internal/modules/cjs/loader.js:1102:27)
2020-07-14 11:06:05:     at Object.Module._extensions..js (internal/modules/cjs/loader.js:1158:10)
2020-07-14 11:06:05:     at Module.load (internal/modules/cjs/loader.js:986:32)
2020-07-14 11:06:05:     at Function.Module._load (internal/modules/cjs/loader.js:879:14)
2020-07-14 11:06:05:     at Module.require (internal/modules/cjs/loader.js:1026:19)
2020-07-14 11:06:05:     at Module.Hook._require.Module.require (/Users/tangyiping/.config/yarn/global/node_modules/require-in-the-middle/index.js:80:39)
2020-07-14 11:06:05:     at require (internal/modules/cjs/helpers.js:72:18)
2020-07-14 11:06:05:     at Object.<anonymous> (/Users/tangyiping/Desktop/project/learn/nodejs-weibo/app.js:15:25)
2020-07-14 11:06:05:     at Module._compile (internal/modules/cjs/loader.js:1138:30)
2020-07-14 11:06:05:     at Object.Module._extensions..js (internal/modules/cjs/loader.js:1158:10)
2020-07-14 11:06:05:     at Module.load (internal/modules/cjs/loader.js:986:32)
2020-07-14 11:06:05:     at Function.Module._load (internal/modules/cjs/loader.js:879:14)
2020-07-14 11:06:05:     at Module.require (internal/modules/cjs/loader.js:1026:19)
2020-07-14 11:06:05:     at Module.Hook._require.Module.require (/Users/tangyiping/.config/yarn/global/node_modules/require-in-the-middle/index.js:80:39)
2020-07-14 11:06:05:     at require (internal/modules/cjs/helpers.js:72:18)
2020-07-14 11:06:06: /Users/tangyiping/Desktop/project/learn/nodejs-weibo/src/routes/view/users.js:47
2020-07-14 11:06:06:   await ctx.render('setting',ctx.session.)
2020-07-14 11:06:06:                                          ^
2020-07-14 11:06:06: 
2020-07-14 11:06:06: SyntaxError: Unexpected token ')'
2020-07-14 11:06:06:     at wrapSafe (internal/modules/cjs/loader.js:1054:16)
2020-07-14 11:06:06:     at Module._compile (internal/modules/cjs/loader.js:1102:27)
2020-07-14 11:06:06:     at Object.Module._extensions..js (internal/modules/cjs/loader.js:1158:10)
2020-07-14 11:06:06:     at Module.load (internal/modules/cjs/loader.js:986:32)
2020-07-14 11:06:06:     at Function.Module._load (internal/modules/cjs/loader.js:879:14)
2020-07-14 11:06:06:     at Module.require (internal/modules/cjs/loader.js:1026:19)
2020-07-14 11:06:06:     at Module.Hook._require.Module.require (/Users/tangyiping/.config/yarn/global/node_modules/require-in-the-middle/index.js:80:39)
2020-07-14 11:06:06:     at require (internal/modules/cjs/helpers.js:72:18)
2020-07-14 11:06:06:     at Object.<anonymous> (/Users/tangyiping/Desktop/project/learn/nodejs-weibo/app.js:15:25)
2020-07-14 11:06:06:     at Module._compile (internal/modules/cjs/loader.js:1138:30)
2020-07-14 11:06:06:     at Object.Module._extensions..js (internal/modules/cjs/loader.js:1158:10)
2020-07-14 11:06:06:     at Module.load (internal/modules/cjs/loader.js:986:32)
2020-07-14 11:06:06:     at Function.Module._load (internal/modules/cjs/loader.js:879:14)
2020-07-14 11:06:06:     at Module.require (internal/modules/cjs/loader.js:1026:19)
2020-07-14 11:06:06:     at Module.Hook._require.Module.require (/Users/tangyiping/.config/yarn/global/node_modules/require-in-the-middle/index.js:80:39)
2020-07-14 11:06:06:     at require (internal/modules/cjs/helpers.js:72:18)
2020-07-14 11:06:06: /Users/tangyiping/Desktop/project/learn/nodejs-weibo/src/routes/view/users.js:47
2020-07-14 11:06:06:   await ctx.render('setting',ctx.session.)
2020-07-14 11:06:06:                                          ^
2020-07-14 11:06:06: 
2020-07-14 11:06:06: SyntaxError: Unexpected token ')'
2020-07-14 11:06:06:     at wrapSafe (internal/modules/cjs/loader.js:1054:16)
2020-07-14 11:06:06:     at Module._compile (internal/modules/cjs/loader.js:1102:27)
2020-07-14 11:06:06:     at Object.Module._extensions..js (internal/modules/cjs/loader.js:1158:10)
2020-07-14 11:06:06:     at Module.load (internal/modules/cjs/loader.js:986:32)
2020-07-14 11:06:06:     at Function.Module._load (internal/modules/cjs/loader.js:879:14)
2020-07-14 11:06:06:     at Module.require (internal/modules/cjs/loader.js:1026:19)
2020-07-14 11:06:06:     at Module.Hook._require.Module.require (/Users/tangyiping/.config/yarn/global/node_modules/require-in-the-middle/index.js:80:39)
2020-07-14 11:06:06:     at require (internal/modules/cjs/helpers.js:72:18)
2020-07-14 11:06:06:     at Object.<anonymous> (/Users/tangyiping/Desktop/project/learn/nodejs-weibo/app.js:15:25)
2020-07-14 11:06:06:     at Module._compile (internal/modules/cjs/loader.js:1138:30)
2020-07-14 11:06:06:     at Object.Module._extensions..js (internal/modules/cjs/loader.js:1158:10)
2020-07-14 11:06:06:     at Module.load (internal/modules/cjs/loader.js:986:32)
2020-07-14 11:06:06:     at Function.Module._load (internal/modules/cjs/loader.js:879:14)
2020-07-14 11:06:06:     at Module.require (internal/modules/cjs/loader.js:1026:19)
2020-07-14 11:06:06:     at Module.Hook._require.Module.require (/Users/tangyiping/.config/yarn/global/node_modules/require-in-the-middle/index.js:80:39)
2020-07-14 11:06:06:     at require (internal/modules/cjs/helpers.js:72:18)
2020-07-14 11:06:06: /Users/tangyiping/Desktop/project/learn/nodejs-weibo/src/routes/view/users.js:47
2020-07-14 11:06:06:   await ctx.render('setting',ctx.session.)
2020-07-14 11:06:06:                                          ^
2020-07-14 11:06:06: 
2020-07-14 11:06:06: SyntaxError: Unexpected token ')'
2020-07-14 11:06:06:     at wrapSafe (internal/modules/cjs/loader.js:1054:16)
2020-07-14 11:06:06:     at Module._compile (internal/modules/cjs/loader.js:1102:27)
2020-07-14 11:06:06:     at Object.Module._extensions..js (internal/modules/cjs/loader.js:1158:10)
2020-07-14 11:06:06:     at Module.load (internal/modules/cjs/loader.js:986:32)
2020-07-14 11:06:06:     at Function.Module._load (internal/modules/cjs/loader.js:879:14)
2020-07-14 11:06:06:     at Module.require (internal/modules/cjs/loader.js:1026:19)
2020-07-14 11:06:06:     at Module.Hook._require.Module.require (/Users/tangyiping/.config/yarn/global/node_modules/require-in-the-middle/index.js:80:39)
2020-07-14 11:06:06:     at require (internal/modules/cjs/helpers.js:72:18)
2020-07-14 11:06:06:     at Object.<anonymous> (/Users/tangyiping/Desktop/project/learn/nodejs-weibo/app.js:15:25)
2020-07-14 11:06:06:     at Module._compile (internal/modules/cjs/loader.js:1138:30)
2020-07-14 11:06:06:     at Object.Module._extensions..js (internal/modules/cjs/loader.js:1158:10)
2020-07-14 11:06:06:     at Module.load (internal/modules/cjs/loader.js:986:32)
2020-07-14 11:06:06:     at Function.Module._load (internal/modules/cjs/loader.js:879:14)
2020-07-14 11:06:06:     at Module.require (internal/modules/cjs/loader.js:1026:19)
2020-07-14 11:06:06:     at Module.Hook._require.Module.require (/Users/tangyiping/.config/yarn/global/node_modules/require-in-the-middle/index.js:80:39)
2020-07-14 11:06:06:     at require (internal/modules/cjs/helpers.js:72:18)
2020-07-14 11:06:06: /Users/tangyiping/Desktop/project/learn/nodejs-weibo/src/routes/view/users.js:47
2020-07-14 11:06:06:   await ctx.render('setting',ctx.session.)
2020-07-14 11:06:06:                                          ^
2020-07-14 11:06:06: 
2020-07-14 11:06:06: SyntaxError: Unexpected token ')'
2020-07-14 11:06:06:     at wrapSafe (internal/modules/cjs/loader.js:1054:16)
2020-07-14 11:06:06:     at Module._compile (internal/modules/cjs/loader.js:1102:27)
2020-07-14 11:06:06:     at Object.Module._extensions..js (internal/modules/cjs/loader.js:1158:10)
2020-07-14 11:06:06:     at Module.load (internal/modules/cjs/loader.js:986:32)
2020-07-14 11:06:06:     at Function.Module._load (internal/modules/cjs/loader.js:879:14)
2020-07-14 11:06:06:     at Module.require (internal/modules/cjs/loader.js:1026:19)
2020-07-14 11:06:06:     at Module.Hook._require.Module.require (/Users/tangyiping/.config/yarn/global/node_modules/require-in-the-middle/index.js:80:39)
2020-07-14 11:06:06:     at require (internal/modules/cjs/helpers.js:72:18)
2020-07-14 11:06:06:     at Object.<anonymous> (/Users/tangyiping/Desktop/project/learn/nodejs-weibo/app.js:15:25)
2020-07-14 11:06:06:     at Module._compile (internal/modules/cjs/loader.js:1138:30)
2020-07-14 11:06:06:     at Object.Module._extensions..js (internal/modules/cjs/loader.js:1158:10)
2020-07-14 11:06:06:     at Module.load (internal/modules/cjs/loader.js:986:32)
2020-07-14 11:06:06:     at Function.Module._load (internal/modules/cjs/loader.js:879:14)
2020-07-14 11:06:06:     at Module.require (internal/modules/cjs/loader.js:1026:19)
2020-07-14 11:06:06:     at Module.Hook._require.Module.require (/Users/tangyiping/.config/yarn/global/node_modules/require-in-the-middle/index.js:80:39)
2020-07-14 11:06:06:     at require (internal/modules/cjs/helpers.js:72:18)
2020-07-14 11:06:07: /Users/tangyiping/Desktop/project/learn/nodejs-weibo/src/routes/view/users.js:47
2020-07-14 11:06:07:   await ctx.render('setting',ctx.session.)
2020-07-14 11:06:07:                                          ^
2020-07-14 11:06:07: 
2020-07-14 11:06:07: SyntaxError: Unexpected token ')'
2020-07-14 11:06:07:     at wrapSafe (internal/modules/cjs/loader.js:1054:16)
2020-07-14 11:06:07:     at Module._compile (internal/modules/cjs/loader.js:1102:27)
2020-07-14 11:06:07:     at Object.Module._extensions..js (internal/modules/cjs/loader.js:1158:10)
2020-07-14 11:06:07:     at Module.load (internal/modules/cjs/loader.js:986:32)
2020-07-14 11:06:07:     at Function.Module._load (internal/modules/cjs/loader.js:879:14)
2020-07-14 11:06:07:     at Module.require (internal/modules/cjs/loader.js:1026:19)
2020-07-14 11:06:07:     at Module.Hook._require.Module.require (/Users/tangyiping/.config/yarn/global/node_modules/require-in-the-middle/index.js:80:39)
2020-07-14 11:06:07:     at require (internal/modules/cjs/helpers.js:72:18)
2020-07-14 11:06:07:     at Object.<anonymous> (/Users/tangyiping/Desktop/project/learn/nodejs-weibo/app.js:15:25)
2020-07-14 11:06:07:     at Module._compile (internal/modules/cjs/loader.js:1138:30)
2020-07-14 11:06:07:     at Object.Module._extensions..js (internal/modules/cjs/loader.js:1158:10)
2020-07-14 11:06:07:     at Module.load (internal/modules/cjs/loader.js:986:32)
2020-07-14 11:06:07:     at Function.Module._load (internal/modules/cjs/loader.js:879:14)
2020-07-14 11:06:07:     at Module.require (internal/modules/cjs/loader.js:1026:19)
2020-07-14 11:06:07:     at Module.Hook._require.Module.require (/Users/tangyiping/.config/yarn/global/node_modules/require-in-the-middle/index.js:80:39)
2020-07-14 11:06:07:     at require (internal/modules/cjs/helpers.js:72:18)
2020-07-14 11:06:08: Port 3000 is already in use
2020-07-14 11:06:09: Port 3000 is already in use
2020-07-14 11:06:10: Port 3000 is already in use
2020-07-14 11:06:10: Port 3000 is already in use
2020-07-14 11:06:11: Port 3000 is already in use
2020-07-14 11:06:11: Port 3000 is already in use
2020-07-14 11:06:12: Port 3000 is already in use
2020-07-14 11:06:12: Port 3000 is already in use
2020-07-14 11:06:12: Port 3000 is already in use
2020-07-14 11:06:13: Port 3000 is already in use
2020-07-14 11:06:13: Port 3000 is already in use
2020-07-14 11:06:14: Port 3000 is already in use
2020-07-14 11:06:14: Port 3000 is already in use
2020-07-14 11:06:15: Port 3000 is already in use
2020-07-14 11:06:15: Port 3000 is already in use
2020-07-14 11:06:16: Port 3000 is already in use
2020-07-14 11:06:16: Port 3000 is already in use
2020-07-14 11:06:35: Port 3000 is already in use
2020-07-14 11:06:36: Port 3000 is already in use
2020-07-14 11:06:36: Port 3000 is already in use
2020-07-14 11:06:37: Port 3000 is already in use
2020-07-14 11:06:37: Port 3000 is already in use
2020-07-14 11:06:38: Port 3000 is already in use
2020-07-14 11:06:38: Port 3000 is already in use
2020-07-14 11:06:39: Port 3000 is already in use
2020-07-14 11:06:39: Port 3000 is already in use
2020-07-14 11:06:40: Port 3000 is already in use
2020-07-14 11:06:40: Port 3000 is already in use
2020-07-14 11:06:41: Port 3000 is already in use
2020-07-14 11:06:41: Port 3000 is already in use
2020-07-14 11:06:42: Port 3000 is already in use
2020-07-14 11:06:42: Port 3000 is already in use
2020-07-14 11:06:43: Port 3000 is already in use
2020-07-14 11:07:10: Port 3000 is already in use
2020-07-14 11:07:10: Port 3000 is already in use
2020-07-14 11:07:11: Port 3000 is already in use
2020-07-14 11:07:11: Port 3000 is already in use
2020-07-14 11:07:12: Port 3000 is already in use
2020-07-14 11:07:12: Port 3000 is already in use
2020-07-14 11:07:13: Port 3000 is already in use
2020-07-14 11:07:13: Port 3000 is already in use
2020-07-14 11:07:14: Port 3000 is already in use
2020-07-14 11:07:14: Port 3000 is already in use
2020-07-14 11:07:15: Port 3000 is already in use
2020-07-14 11:07:15: Port 3000 is already in use
2020-07-14 11:07:16: Port 3000 is already in use
2020-07-14 11:07:16: Port 3000 is already in use
2020-07-14 11:07:17: Port 3000 is already in use
2020-07-14 11:07:17: Port 3000 is already in use
2020-07-14 11:10:14: Port 3000 is already in use
2020-07-14 11:10:14: Port 3000 is already in use
2020-07-14 11:10:15: Port 3000 is already in use
2020-07-14 11:10:15: Port 3000 is already in use
2020-07-14 11:10:16: Port 3000 is already in use
2020-07-14 11:10:16: Port 3000 is already in use
2020-07-14 11:10:17: Port 3000 is already in use
2020-07-14 11:10:17: Port 3000 is already in use
2020-07-14 11:10:18: Port 3000 is already in use
2020-07-14 11:10:18: Port 3000 is already in use
2020-07-14 11:10:19: Port 3000 is already in use
2020-07-14 11:10:19: Port 3000 is already in use
2020-07-14 11:10:20: Port 3000 is already in use
2020-07-14 11:10:20: Port 3000 is already in use
2020-07-14 11:10:21: Port 3000 is already in use
2020-07-14 11:10:21: Port 3000 is already in use
2020-07-14 11:10:22: Port 3000 is already in use
2020-07-14 11:10:22: Port 3000 is already in use
2020-07-14 11:10:23: Port 3000 is already in use
2020-07-14 11:10:23: Port 3000 is already in use
2020-07-14 11:10:24: Port 3000 is already in use
2020-07-14 11:10:24: Port 3000 is already in use
2020-07-14 11:10:25: Port 3000 is already in use
